[2m11:10:34[22m [31m[1m[vite][22m[39m [31m[2m(client)[22m[39m [2m[console.error] [22m[vite] Failed to reload /src/components/SearchView.tsx. This could be due to syntax errors or importing non-existent modules. (see errors above)
[2m11:10:56[22m [31m[1m[vite][22m[39m [31m[2m(client)[22m[39m [31m[Unhandled error] [1mTypeError[22m: Cannot read properties of undefined (reading 'length')
[39m > SearchView src/components/SearchView.tsx:86:45
    84 |            <span>搜索英文单词、中文释义或例句</span>
    85 |            <input value={searchQuery} onChange={(event) => onSearchQueryChange(event.target.value)} />
    86 |            {searchQuery.trim() && suggestions.length > 0 && (
       |                                               ^
    87 |              <div className="suggestion-list">
    88 |                {suggestions.map((item) => (
 > Object.react_stack_bottom_frame node_modules/react-dom/cjs/react-dom-client.development.js:25904:19
 > renderWithHooks node_modules/react-dom/cjs/react-dom-client.development.js:7662:21
 > updateFunctionComponent node_modules/react-dom/cjs/react-dom-client.development.js:10166:18
 > beginWork node_modules/react-dom/cjs/react-dom-client.development.js:11778:17
 > runWithFiberInDEV node_modules/react-dom/cjs/react-dom-client.development.js:871:29
 > performUnitOfWork node_modules/react-dom/cjs/react-dom-client.development.js:17641:21
 > workLoopSync node_modules/react-dom/cjs/react-dom-client.development.js:17469:40
 > renderRootSync node_modules/react-dom/cjs/react-dom-client.development.js:17450:10
 > performWorkOnRoot node_modules/react-dom/cjs/react-dom-client.development.js:16583:34

[2m11:10:56[22m [33m[1m[vite][22m[39m [33m[2m(client)[22m[39m [2m[console.warn] [22mAn error occurred in the <SearchView> component.

Consider adding an error boundary to your tree to customize error handling behavior.
Visit https://react.dev/link/error-boundaries to learn more about error boundaries.

[2m11:10:59[22m [31m[1m[vite][22m[39m [31m[2m(client)[22m[39m [2m[console.error] [22m[vite] Failed to reload /src/App.tsx. This could be due to syntax errors or importing non-existent modules. (see errors above)
[2m11:11:34[22m [31m[1m[vite][22m[39m [31m[2m(client)[22m[39m Pre-transform error: Failed to load url /src/api/client.ts (resolved id: D:/Projects/english-nova/FrontEnd-EnglishNova/src/api/client.ts) in D:/Projects/english-nova/FrontEnd-EnglishNova/src/hooks/useAppState.ts. Does the file exist?
[2m11:11:34[22m [31m[1m[vite][22m[39m [31m[2m(client)[22m[39m [2m[console.error] [22m[vite] Failed to reload /src/App.tsx. This could be due to syntax errors or importing non-existent modules. (see errors above)
[2m11:11:54[22m [31m[1m[vite][22m[39m [31m[2m(client)[22m[39m Pre-transform error: Failed to load url /src/hooks/useAppState.ts (resolved id: D:/Projects/english-nova/FrontEnd-EnglishNova/src/hooks/useAppState.ts) in D:/Projects/english-nova/FrontEnd-EnglishNova/src/App.tsx. Does the file exist?
[2m11:11:54[22m [31m[1m[vite][22m[39m [31m[2m(client)[22m[39m [2m[console.error] [22m[vite] Failed to reload /src/App.tsx. This could be due to syntax errors or importing non-existent modules. (see errors above)
[2m11:13:04[22m [31m[1m[vite][22m[39m [31m[2m(client)[22m[39m [2m[console.error] [22mReact has detected a change in the order of Hooks called by App. This will lead to bugs and errors if not fixed. For more information, read the Rules of Hooks: https://react.dev/link/rules-of-hooks

   Previous render            Next render
   ------------------------------------------------------
1. useState                   useState
2. useState                   useState
3. useState                   useState
4. useState                   useState
5. useState                   useState
6. useState                   useState
7. useState                   useState
8. useState                   useState
9. useState                   useState
10. useState                  useState
11. useState                  useState
12. useState                  useState
13. useState                  useState
14. useState                  useState
15. useDeferredValue          useDeferredValue
16. useState                  useState
17. useState                  useState
18. useState                  useState
19. useState                  useState
20. useState                  useState
21. useState                  useState
22. useState                  useState
23. useState                  useState
24. useState                  useState
25. useState                  useState
26. useState                  useState
27. useState                  useState
28. useState                  useState
29. useState                  useState
30. useEffect                 useState
   ^^^^^^^^^^^^^^^^^^^^^^^^^^^^^^^^^^^^^^^^^^^^^^^^^^^^^^

[2m11:13:04[22m [31m[1m[vite][22m[39m [31m[2m(client)[22m[39m [31m[Unhandled error] [1mError[22m: Should have a queue. You are likely calling Hooks conditionally, which is not allowed. (https://react.dev/link/invalid-hook-call)
[39m > updateReducerImpl node_modules/react-dom/cjs/react-dom-client.development.js:7973:14
 > updateReducer node_modules/react-dom/cjs/react-dom-client.development.js:7968:13
 > Object.useState node_modules/react-dom/cjs/react-dom-client.development.js:26511:17
 > exports.useState node_modules/react/cjs/react.development.js:1263:33
 > useAppState src/hooks/useAppState.ts:59:42
    57 |    const [sourceName, setSourceName] = useState('')
    58 |    const [selectedPlatform, setSelectedPlatform] = useState<ImportPlatform>(DEFAULT_IMPORT_PLATFORM)
    59 |    const [selectedFile, setSelectedFile] = useState<File | null>(null)
       |                                            ^
    60 |  
    61 |    function api<T>(path: string, init?: RequestInit, requireAuth = false, authToken = token) {
 > App src/App.tsx:15:16
 > Object.react_stack_bottom_frame node_modules/react-dom/cjs/react-dom-client.development.js:25904:19
 > renderWithHooks node_modules/react-dom/cjs/react-dom-client.development.js:7662:21
 > updateFunctionComponent node_modules/react-dom/cjs/react-dom-client.development.js:10166:18
 > beginWork node_modules/react-dom/cjs/react-dom-client.development.js:11778:17

[2m11:13:04[22m [33m[1m[vite][22m[39m [33m[2m(client)[22m[39m [2m[console.warn] [22mAn error occurred in the <App> component.

Consider adding an error boundary to your tree to customize error handling behavior.
Visit https://react.dev/link/error-boundaries to learn more about error boundaries.

