2026-04-14 07:54:54.852 INFO [main :c.a.n.c.u.ClientBasicParamUtil] [settings] [req-serv] nacos-server port:8848
2026-04-14 07:54:54.855 INFO [main :c.a.n.c.c.NacosConfigService] Nacos client key init properties: 
	serverAddr=192.168.80.128:8848
	username=nacos
	password=n***s

2026-04-14 07:54:54.879 INFO [main :c.a.n.c.a.AbstractServerListManager] Load and match ServerListProvider com.alibaba.nacos.client.address.EndpointServerListProvider, match result: false
2026-04-14 07:54:54.879 INFO [main :c.a.n.c.a.AbstractServerListManager] Load and match ServerListProvider com.alibaba.nacos.client.address.PropertiesListProvider, match result: true
2026-04-14 07:54:54.879 INFO [main :c.a.n.c.a.AbstractServerListManager] Will use com.alibaba.nacos.client.address.PropertiesListProvider as ServerListProvider
2026-04-14 07:54:54.885 INFO [main :c.a.n.c.u.ParamUtil] [settings] [http-client] connect timeout:1000
2026-04-14 07:54:54.885 INFO [main :c.a.n.c.u.ParamUtil] [settings] [http-client] read timeout:3000
2026-04-14 07:54:54.885 INFO [main :c.a.n.c.u.ParamUtil] PER_TASK_CONFIG_SIZE: 3000.0
2026-04-14 07:54:55.092 INFO [Thread-6:c.a.n.c.a.r.i.CredentialWatcher] null No credential found
2026-04-14 07:54:56.844 INFO [main :c.a.n.c.u.ClientBasicParamUtil] [settings] [req-serv] nacos-server port:8848
2026-04-14 07:54:56.850 INFO [main :c.a.n.c.c.NacosConfigService] Nacos client key init properties: 
	serverAddr=192.168.80.128:8848
	username=nacos
	password=n***s

2026-04-14 07:54:56.872 INFO [main :c.a.n.c.a.AbstractServerListManager] Load and match ServerListProvider com.alibaba.nacos.client.address.EndpointServerListProvider, match result: false
2026-04-14 07:54:56.872 INFO [main :c.a.n.c.a.AbstractServerListManager] Load and match ServerListProvider com.alibaba.nacos.client.address.PropertiesListProvider, match result: true
2026-04-14 07:54:56.872 INFO [main :c.a.n.c.a.AbstractServerListManager] Will use com.alibaba.nacos.client.address.PropertiesListProvider as ServerListProvider
2026-04-14 07:54:56.890 INFO [main :c.a.n.c.u.ParamUtil] [settings] [http-client] connect timeout:1000
2026-04-14 07:54:56.890 INFO [main :c.a.n.c.u.ParamUtil] [settings] [http-client] read timeout:3000
2026-04-14 07:54:56.891 INFO [main :c.a.n.c.u.ParamUtil] PER_TASK_CONFIG_SIZE: 3000.0
2026-04-14 07:54:57.186 INFO [Thread-6:c.a.n.c.a.r.i.CredentialWatcher] null No credential found
2026-04-14 07:54:58.702 INFO [main :c.a.n.c.u.ClientBasicParamUtil] [settings] [req-serv] nacos-server port:8848
2026-04-14 07:54:58.705 INFO [main :c.a.n.c.c.NacosConfigService] Nacos client key init properties: 
	serverAddr=192.168.80.128:8848
	username=nacos
	password=n***s

2026-04-14 07:54:58.726 INFO [main :c.a.n.c.a.AbstractServerListManager] Load and match ServerListProvider com.alibaba.nacos.client.address.EndpointServerListProvider, match result: false
2026-04-14 07:54:58.726 INFO [main :c.a.n.c.a.AbstractServerListManager] Load and match ServerListProvider com.alibaba.nacos.client.address.PropertiesListProvider, match result: true
2026-04-14 07:54:58.726 INFO [main :c.a.n.c.a.AbstractServerListManager] Will use com.alibaba.nacos.client.address.PropertiesListProvider as ServerListProvider
2026-04-14 07:54:58.740 INFO [main :c.a.n.c.u.ParamUtil] [settings] [http-client] connect timeout:1000
2026-04-14 07:54:58.740 INFO [main :c.a.n.c.u.ParamUtil] [settings] [http-client] read timeout:3000
2026-04-14 07:54:58.741 INFO [main :c.a.n.c.u.ParamUtil] PER_TASK_CONFIG_SIZE: 3000.0
2026-04-14 07:54:59.043 INFO [Thread-6:c.a.n.c.a.r.i.CredentialWatcher] null No credential found
2026-04-14 07:55:00.896 INFO [main :c.a.n.c.u.ClientBasicParamUtil] [settings] [req-serv] nacos-server port:8848
2026-04-14 07:55:00.900 INFO [main :c.a.n.c.c.NacosConfigService] Nacos client key init properties: 
	serverAddr=192.168.80.128:8848
	username=nacos
	password=n***s

2026-04-14 07:55:00.920 INFO [main :c.a.n.c.a.AbstractServerListManager] Load and match ServerListProvider com.alibaba.nacos.client.address.EndpointServerListProvider, match result: false
2026-04-14 07:55:00.920 INFO [main :c.a.n.c.a.AbstractServerListManager] Load and match ServerListProvider com.alibaba.nacos.client.address.PropertiesListProvider, match result: true
2026-04-14 07:55:00.920 INFO [main :c.a.n.c.a.AbstractServerListManager] Will use com.alibaba.nacos.client.address.PropertiesListProvider as ServerListProvider
2026-04-14 07:55:00.935 INFO [main :c.a.n.c.u.ParamUtil] [settings] [http-client] connect timeout:1000
2026-04-14 07:55:00.936 INFO [main :c.a.n.c.u.ParamUtil] [settings] [http-client] read timeout:3000
2026-04-14 07:55:00.936 INFO [main :c.a.n.c.u.ParamUtil] PER_TASK_CONFIG_SIZE: 3000.0
2026-04-14 07:55:01.284 INFO [Thread-6:c.a.n.c.a.r.i.CredentialWatcher] null No credential found
2026-04-14 07:55:02.855 INFO [main :c.a.n.c.u.ClientBasicParamUtil] [settings] [req-serv] nacos-server port:8848
2026-04-14 07:55:02.867 INFO [main :c.a.n.c.c.NacosConfigService] Nacos client key init properties: 
	serverAddr=192.168.80.128:8848
	username=nacos
	password=n***s

2026-04-14 07:55:02.888 INFO [main :c.a.n.c.a.AbstractServerListManager] Load and match ServerListProvider com.alibaba.nacos.client.address.EndpointServerListProvider, match result: false
2026-04-14 07:55:02.888 INFO [main :c.a.n.c.a.AbstractServerListManager] Load and match ServerListProvider com.alibaba.nacos.client.address.PropertiesListProvider, match result: true
2026-04-14 07:55:02.888 INFO [main :c.a.n.c.a.AbstractServerListManager] Will use com.alibaba.nacos.client.address.PropertiesListProvider as ServerListProvider
2026-04-14 07:55:02.901 INFO [main :c.a.n.c.u.ParamUtil] [settings] [http-client] connect timeout:1000
2026-04-14 07:55:02.901 INFO [main :c.a.n.c.u.ParamUtil] [settings] [http-client] read timeout:3000
2026-04-14 07:55:02.901 INFO [main :c.a.n.c.u.ParamUtil] PER_TASK_CONFIG_SIZE: 3000.0
2026-04-14 07:55:03.000 INFO [main :c.a.n.c.c.i.Limiter] limitTime:5.0
2026-04-14 07:55:03.218 INFO [Thread-6:c.a.n.c.a.r.i.CredentialWatcher] null No credential found
2026-04-14 07:55:03.243 INFO [main :c.a.n.c.c.i.LocalConfigInfoProcessor] LOCAL_SNAPSHOT_PATH:D:\Projects\english-nova\.local\runtime-home\nacos\config
2026-04-14 07:55:04.818 INFO [com.alibaba.nacos.client.remote.worker.0:c.a.n.c.c.i.ClientWorker] [f4ffdf38-57ce-414d-b045-e5d1ef53b01b_config-0] Connected,notify listen context...
2026-04-14 07:55:04.818 INFO [com.alibaba.nacos.client.remote.worker.0:c.a.n.c.c.i.ClientWorker] [f4ffdf38-57ce-414d-b045-e5d1ef53b01b_config-0] Connected,notify fuzzy listen context...
2026-04-14 07:55:05.029 INFO [main :c.a.n.c.c.i.Limiter] limitTime:5.0
2026-04-14 07:55:05.027 INFO [main :c.a.n.c.u.ClientBasicParamUtil] [settings] [req-serv] nacos-server port:8848
2026-04-14 07:55:05.030 INFO [main :c.a.n.c.c.NacosConfigService] Nacos client key init properties: 
	serverAddr=192.168.80.128:8848
	username=nacos
	password=n***s

2026-04-14 07:55:05.044 INFO [main :c.a.n.c.a.AbstractServerListManager] Load and match ServerListProvider com.alibaba.nacos.client.address.EndpointServerListProvider, match result: false
2026-04-14 07:55:05.044 INFO [main :c.a.n.c.a.AbstractServerListManager] Load and match ServerListProvider com.alibaba.nacos.client.address.PropertiesListProvider, match result: true
2026-04-14 07:55:05.044 INFO [main :c.a.n.c.a.AbstractServerListManager] Will use com.alibaba.nacos.client.address.PropertiesListProvider as ServerListProvider
2026-04-14 07:55:05.056 INFO [main :c.a.n.c.u.ParamUtil] [settings] [http-client] connect timeout:1000
2026-04-14 07:55:05.056 INFO [main :c.a.n.c.u.ParamUtil] [settings] [http-client] read timeout:3000
2026-04-14 07:55:05.057 INFO [main :c.a.n.c.u.ParamUtil] PER_TASK_CONFIG_SIZE: 3000.0
2026-04-14 07:55:05.271 INFO [main :c.a.n.c.c.i.LocalConfigInfoProcessor] LOCAL_SNAPSHOT_PATH:D:\Projects\english-nova\.local\runtime-home\nacos\config
2026-04-14 07:55:05.394 INFO [Thread-6:c.a.n.c.a.r.i.CredentialWatcher] null No credential found
2026-04-14 07:56:35.951 INFO [main :c.a.n.c.u.ClientBasicParamUtil] [settings] [req-serv] nacos-server port:8848
2026-04-14 07:56:35.955 INFO [main :c.a.n.c.c.NacosConfigService] Nacos client key init properties: 
	serverAddr=192.168.80.128:8848
	username=nacos
	password=n***s

2026-04-14 07:56:35.969 INFO [main :c.a.n.c.a.AbstractServerListManager] Load and match ServerListProvider com.alibaba.nacos.client.address.EndpointServerListProvider, match result: false
2026-04-14 07:56:35.969 INFO [main :c.a.n.c.a.AbstractServerListManager] Load and match ServerListProvider com.alibaba.nacos.client.address.PropertiesListProvider, match result: true
2026-04-14 07:56:35.969 INFO [main :c.a.n.c.a.AbstractServerListManager] Will use com.alibaba.nacos.client.address.PropertiesListProvider as ServerListProvider
2026-04-14 07:56:35.981 INFO [main :c.a.n.c.u.ParamUtil] [settings] [http-client] connect timeout:1000
2026-04-14 07:56:35.981 INFO [main :c.a.n.c.u.ParamUtil] [settings] [http-client] read timeout:3000
2026-04-14 07:56:35.982 INFO [main :c.a.n.c.u.ParamUtil] PER_TASK_CONFIG_SIZE: 3000.0
2026-04-14 07:56:36.272 INFO [Thread-6:c.a.n.c.a.r.i.CredentialWatcher] null No credential found
2026-04-14 07:56:36.345 INFO [main :c.a.n.c.c.i.Limiter] limitTime:5.0
2026-04-14 07:56:36.686 INFO [main :c.a.n.c.c.i.LocalConfigInfoProcessor] LOCAL_SNAPSHOT_PATH:D:\Projects\english-nova\.local\runtime-home\nacos\config
2026-04-14 07:56:37.926 INFO [com.alibaba.nacos.client.remote.worker.0:c.a.n.c.c.i.ClientWorker] [f45522da-d55b-45bf-9273-ff25722bc43d_config-0] Connected,notify listen context...
2026-04-14 07:56:37.926 INFO [com.alibaba.nacos.client.remote.worker.0:c.a.n.c.c.i.ClientWorker] [f45522da-d55b-45bf-9273-ff25722bc43d_config-0] Connected,notify fuzzy listen context...
2026-04-14 07:56:38.195 INFO [main :c.a.n.c.u.ClientBasicParamUtil] [settings] [req-serv] nacos-server port:8848
2026-04-14 07:56:38.199 INFO [main :c.a.n.c.c.NacosConfigService] Nacos client key init properties: 
	serverAddr=192.168.80.128:8848
	username=nacos
	password=n***s

2026-04-14 07:56:38.216 INFO [main :c.a.n.c.a.AbstractServerListManager] Load and match ServerListProvider com.alibaba.nacos.client.address.EndpointServerListProvider, match result: false
2026-04-14 07:56:38.216 INFO [main :c.a.n.c.a.AbstractServerListManager] Load and match ServerListProvider com.alibaba.nacos.client.address.PropertiesListProvider, match result: true
2026-04-14 07:56:38.216 INFO [main :c.a.n.c.a.AbstractServerListManager] Will use com.alibaba.nacos.client.address.PropertiesListProvider as ServerListProvider
2026-04-14 07:56:38.222 INFO [main :c.a.n.c.u.ParamUtil] [settings] [http-client] connect timeout:1000
2026-04-14 07:56:38.222 INFO [main :c.a.n.c.u.ParamUtil] [settings] [http-client] read timeout:3000
2026-04-14 07:56:38.222 INFO [main :c.a.n.c.u.ParamUtil] PER_TASK_CONFIG_SIZE: 3000.0
2026-04-14 07:56:38.434 INFO [Thread-6:c.a.n.c.a.r.i.CredentialWatcher] null No credential found
2026-04-14 07:56:38.485 INFO [main :c.a.n.c.c.i.Limiter] limitTime:5.0
2026-04-14 07:56:38.815 INFO [main :c.a.n.c.c.i.LocalConfigInfoProcessor] LOCAL_SNAPSHOT_PATH:D:\Projects\english-nova\.local\runtime-home\nacos\config
2026-04-14 07:56:40.373 INFO [com.alibaba.nacos.client.remote.worker.0:c.a.n.c.c.i.ClientWorker] [ad89f611-8ae2-4cc8-aa7c-19d4c708f8ae_config-0] Connected,notify listen context...
2026-04-14 07:56:40.373 INFO [com.alibaba.nacos.client.remote.worker.0:c.a.n.c.c.i.ClientWorker] [ad89f611-8ae2-4cc8-aa7c-19d4c708f8ae_config-0] Connected,notify fuzzy listen context...
2026-04-14 07:56:40.559 INFO [main :c.a.n.c.u.ClientBasicParamUtil] [settings] [req-serv] nacos-server port:8848
2026-04-14 07:56:40.570 INFO [main :c.a.n.c.c.NacosConfigService] Nacos client key init properties: 
	serverAddr=192.168.80.128:8848
	username=nacos
	password=n***s

2026-04-14 07:56:40.590 INFO [main :c.a.n.c.a.AbstractServerListManager] Load and match ServerListProvider com.alibaba.nacos.client.address.EndpointServerListProvider, match result: false
2026-04-14 07:56:40.590 INFO [main :c.a.n.c.a.AbstractServerListManager] Load and match ServerListProvider com.alibaba.nacos.client.address.PropertiesListProvider, match result: true
2026-04-14 07:56:40.590 INFO [main :c.a.n.c.a.AbstractServerListManager] Will use com.alibaba.nacos.client.address.PropertiesListProvider as ServerListProvider
2026-04-14 07:56:40.601 INFO [main :c.a.n.c.u.ParamUtil] [settings] [http-client] connect timeout:1000
2026-04-14 07:56:40.601 INFO [main :c.a.n.c.u.ParamUtil] [settings] [http-client] read timeout:3000
2026-04-14 07:56:40.602 INFO [main :c.a.n.c.u.ParamUtil] PER_TASK_CONFIG_SIZE: 3000.0
2026-04-14 07:56:40.897 INFO [Thread-6:c.a.n.c.a.r.i.CredentialWatcher] null No credential found
2026-04-14 07:56:40.970 INFO [main :c.a.n.c.c.i.Limiter] limitTime:5.0
2026-04-14 07:56:41.312 INFO [main :c.a.n.c.c.i.LocalConfigInfoProcessor] LOCAL_SNAPSHOT_PATH:D:\Projects\english-nova\.local\runtime-home\nacos\config
2026-04-14 07:56:42.894 INFO [main :c.a.n.c.u.ClientBasicParamUtil] [settings] [req-serv] nacos-server port:8848
2026-04-14 07:56:42.900 INFO [main :c.a.n.c.c.NacosConfigService] Nacos client key init properties: 
	serverAddr=192.168.80.128:8848
	username=nacos
	password=n***s

2026-04-14 07:56:42.921 INFO [main :c.a.n.c.a.AbstractServerListManager] Load and match ServerListProvider com.alibaba.nacos.client.address.EndpointServerListProvider, match result: false
2026-04-14 07:56:42.921 INFO [main :c.a.n.c.a.AbstractServerListManager] Load and match ServerListProvider com.alibaba.nacos.client.address.PropertiesListProvider, match result: true
2026-04-14 07:56:42.921 INFO [main :c.a.n.c.a.AbstractServerListManager] Will use com.alibaba.nacos.client.address.PropertiesListProvider as ServerListProvider
2026-04-14 07:56:42.934 INFO [main :c.a.n.c.u.ParamUtil] [settings] [http-client] connect timeout:1000
2026-04-14 07:56:42.934 INFO [main :c.a.n.c.u.ParamUtil] [settings] [http-client] read timeout:3000
2026-04-14 07:56:42.935 INFO [main :c.a.n.c.u.ParamUtil] PER_TASK_CONFIG_SIZE: 3000.0
2026-04-14 07:56:43.347 INFO [Thread-6:c.a.n.c.a.r.i.CredentialWatcher] null No credential found
2026-04-14 07:56:43.378 INFO [com.alibaba.nacos.client.remote.worker.0:c.a.n.c.c.i.ClientWorker] [1f3e0c32-cb12-497a-8944-0fdb5914a830_config-0] Connected,notify listen context...
2026-04-14 07:56:43.378 INFO [com.alibaba.nacos.client.remote.worker.0:c.a.n.c.c.i.ClientWorker] [1f3e0c32-cb12-497a-8944-0fdb5914a830_config-0] Connected,notify fuzzy listen context...
2026-04-14 07:56:43.418 INFO [main :c.a.n.c.c.i.Limiter] limitTime:5.0
2026-04-14 07:56:43.869 INFO [main :c.a.n.c.c.i.LocalConfigInfoProcessor] LOCAL_SNAPSHOT_PATH:D:\Projects\english-nova\.local\runtime-home\nacos\config
2026-04-14 07:56:45.278 INFO [main :c.a.n.c.u.ClientBasicParamUtil] [settings] [req-serv] nacos-server port:8848
2026-04-14 07:56:45.284 INFO [main :c.a.n.c.c.NacosConfigService] Nacos client key init properties: 
	serverAddr=192.168.80.128:8848
	username=nacos
	password=n***s

2026-04-14 07:56:45.309 INFO [main :c.a.n.c.a.AbstractServerListManager] Load and match ServerListProvider com.alibaba.nacos.client.address.EndpointServerListProvider, match result: false
2026-04-14 07:56:45.309 INFO [main :c.a.n.c.a.AbstractServerListManager] Load and match ServerListProvider com.alibaba.nacos.client.address.PropertiesListProvider, match result: true
2026-04-14 07:56:45.309 INFO [main :c.a.n.c.a.AbstractServerListManager] Will use com.alibaba.nacos.client.address.PropertiesListProvider as ServerListProvider
2026-04-14 07:56:45.326 INFO [main :c.a.n.c.u.ParamUtil] [settings] [http-client] connect timeout:1000
2026-04-14 07:56:45.326 INFO [main :c.a.n.c.u.ParamUtil] [settings] [http-client] read timeout:3000
2026-04-14 07:56:45.326 INFO [main :c.a.n.c.u.ParamUtil] PER_TASK_CONFIG_SIZE: 3000.0
2026-04-14 07:56:45.787 INFO [Thread-6:c.a.n.c.a.r.i.CredentialWatcher] null No credential found
2026-04-14 07:56:45.868 INFO [main :c.a.n.c.c.i.Limiter] limitTime:5.0
2026-04-14 07:56:46.190 INFO [main :c.a.n.c.c.i.LocalConfigInfoProcessor] LOCAL_SNAPSHOT_PATH:D:\Projects\english-nova\.local\runtime-home\nacos\config
2026-04-14 07:56:46.667 INFO [com.alibaba.nacos.client.remote.worker.0:c.a.n.c.c.i.ClientWorker] [c9d2ff4a-5e82-4b81-99d4-05e2678b0d94_config-0] Connected,notify listen context...
2026-04-14 07:56:46.667 INFO [com.alibaba.nacos.client.remote.worker.0:c.a.n.c.c.i.ClientWorker] [c9d2ff4a-5e82-4b81-99d4-05e2678b0d94_config-0] Connected,notify fuzzy listen context...
2026-04-14 07:56:47.457 INFO [main :c.a.n.c.u.ClientBasicParamUtil] [settings] [req-serv] nacos-server port:8848
2026-04-14 07:56:47.460 INFO [main :c.a.n.c.c.NacosConfigService] Nacos client key init properties: 
	serverAddr=192.168.80.128:8848
	username=nacos
	password=n***s

2026-04-14 07:56:47.502 INFO [main :c.a.n.c.a.AbstractServerListManager] Load and match ServerListProvider com.alibaba.nacos.client.address.EndpointServerListProvider, match result: false
2026-04-14 07:56:47.502 INFO [main :c.a.n.c.a.AbstractServerListManager] Load and match ServerListProvider com.alibaba.nacos.client.address.PropertiesListProvider, match result: true
2026-04-14 07:56:47.502 INFO [main :c.a.n.c.a.AbstractServerListManager] Will use com.alibaba.nacos.client.address.PropertiesListProvider as ServerListProvider
2026-04-14 07:56:47.515 INFO [main :c.a.n.c.u.ParamUtil] [settings] [http-client] connect timeout:1000
2026-04-14 07:56:47.515 INFO [main :c.a.n.c.u.ParamUtil] [settings] [http-client] read timeout:3000
2026-04-14 07:56:47.515 INFO [main :c.a.n.c.u.ParamUtil] PER_TASK_CONFIG_SIZE: 3000.0
2026-04-14 07:56:47.926 INFO [Thread-6:c.a.n.c.a.r.i.CredentialWatcher] null No credential found
2026-04-14 07:56:47.998 INFO [main :c.a.n.c.c.i.Limiter] limitTime:5.0
2026-04-14 07:56:48.313 INFO [main :c.a.n.c.c.i.LocalConfigInfoProcessor] LOCAL_SNAPSHOT_PATH:D:\Projects\english-nova\.local\runtime-home\nacos\config
2026-04-14 07:56:48.343 INFO [com.alibaba.nacos.client.remote.worker.0:c.a.n.c.c.i.ClientWorker] [2c611987-b0ca-41de-8f9e-6a55ec607d19_config-0] Connected,notify listen context...
2026-04-14 07:56:48.343 INFO [com.alibaba.nacos.client.remote.worker.0:c.a.n.c.c.i.ClientWorker] [2c611987-b0ca-41de-8f9e-6a55ec607d19_config-0] Connected,notify fuzzy listen context...
2026-04-14 07:56:49.309 INFO [main :c.a.n.c.u.ClientBasicParamUtil] [settings] [req-serv] nacos-server port:8848
2026-04-14 07:56:49.318 INFO [main :c.a.n.c.c.NacosConfigService] Nacos client key init properties: 
	serverAddr=192.168.80.128:8848
	username=nacos
	password=n***s

2026-04-14 07:56:49.348 INFO [main :c.a.n.c.a.AbstractServerListManager] Load and match ServerListProvider com.alibaba.nacos.client.address.EndpointServerListProvider, match result: false
2026-04-14 07:56:49.349 INFO [main :c.a.n.c.a.AbstractServerListManager] Load and match ServerListProvider com.alibaba.nacos.client.address.PropertiesListProvider, match result: true
2026-04-14 07:56:49.349 INFO [main :c.a.n.c.a.AbstractServerListManager] Will use com.alibaba.nacos.client.address.PropertiesListProvider as ServerListProvider
2026-04-14 07:56:49.369 INFO [main :c.a.n.c.u.ParamUtil] [settings] [http-client] connect timeout:1000
2026-04-14 07:56:49.369 INFO [main :c.a.n.c.u.ParamUtil] [settings] [http-client] read timeout:3000
2026-04-14 07:56:49.370 INFO [main :c.a.n.c.u.ParamUtil] PER_TASK_CONFIG_SIZE: 3000.0
2026-04-14 07:56:49.824 INFO [Thread-6:c.a.n.c.a.r.i.CredentialWatcher] null No credential found
2026-04-14 07:56:49.956 INFO [main :c.a.n.c.c.i.Limiter] limitTime:5.0
2026-04-14 07:56:50.274 INFO [main :c.a.n.c.c.i.LocalConfigInfoProcessor] LOCAL_SNAPSHOT_PATH:D:\Projects\english-nova\.local\runtime-home\nacos\config
2026-04-14 07:56:51.027 INFO [com.alibaba.nacos.client.remote.worker.1:c.a.n.c.c.i.ClientWorker] [c885581c-ae28-4725-8383-69b7c21f5b3c_config-0] Connected,notify listen context...
2026-04-14 07:56:51.027 INFO [com.alibaba.nacos.client.remote.worker.1:c.a.n.c.c.i.ClientWorker] [c885581c-ae28-4725-8383-69b7c21f5b3c_config-0] Connected,notify fuzzy listen context...
2026-04-14 07:56:52.639 INFO [com.alibaba.nacos.client.remote.worker.0:c.a.n.c.c.i.ClientWorker] [4d95c1d7-ebc0-4ad1-8d35-0b05518365e8_config-0] Connected,notify listen context...
2026-04-14 07:56:52.639 INFO [com.alibaba.nacos.client.remote.worker.0:c.a.n.c.c.i.ClientWorker] [4d95c1d7-ebc0-4ad1-8d35-0b05518365e8_config-0] Connected,notify fuzzy listen context...
2026-04-14 08:01:05.375 INFO [main :c.a.n.c.u.ClientBasicParamUtil] [settings] [req-serv] nacos-server port:8848
2026-04-14 08:01:05.381 INFO [main :c.a.n.c.c.NacosConfigService] Nacos client key init properties: 
	serverAddr=192.168.80.128:8848
	username=nacos
	password=n***s

2026-04-14 08:01:05.416 INFO [main :c.a.n.c.a.AbstractServerListManager] Load and match ServerListProvider com.alibaba.nacos.client.address.EndpointServerListProvider, match result: false
2026-04-14 08:01:05.416 INFO [main :c.a.n.c.a.AbstractServerListManager] Load and match ServerListProvider com.alibaba.nacos.client.address.PropertiesListProvider, match result: true
2026-04-14 08:01:05.416 INFO [main :c.a.n.c.a.AbstractServerListManager] Will use com.alibaba.nacos.client.address.PropertiesListProvider as ServerListProvider
2026-04-14 08:01:05.430 INFO [main :c.a.n.c.u.ParamUtil] [settings] [http-client] connect timeout:1000
2026-04-14 08:01:05.430 INFO [main :c.a.n.c.u.ParamUtil] [settings] [http-client] read timeout:3000
2026-04-14 08:01:05.430 INFO [main :c.a.n.c.u.ParamUtil] PER_TASK_CONFIG_SIZE: 3000.0
2026-04-14 08:01:05.760 INFO [Thread-6:c.a.n.c.a.r.i.CredentialWatcher] null No credential found
2026-04-14 08:01:05.800 INFO [main :c.a.n.c.c.i.Limiter] limitTime:5.0
2026-04-14 08:01:06.207 INFO [main :c.a.n.c.c.i.LocalConfigInfoProcessor] LOCAL_SNAPSHOT_PATH:D:\Projects\english-nova\.local\runtime-home\nacos\config
2026-04-14 08:01:07.602 INFO [com.alibaba.nacos.client.remote.worker.0:c.a.n.c.c.i.ClientWorker] [912a0c2e-6999-45fc-ba6d-9ab488ba390d_config-0] Connected,notify listen context...
2026-04-14 08:01:07.602 INFO [com.alibaba.nacos.client.remote.worker.0:c.a.n.c.c.i.ClientWorker] [912a0c2e-6999-45fc-ba6d-9ab488ba390d_config-0] Connected,notify fuzzy listen context...
2026-04-14 08:09:58.121 INFO [main :c.a.n.c.u.ClientBasicParamUtil] [settings] [req-serv] nacos-server port:8848
2026-04-14 08:09:58.127 INFO [main :c.a.n.c.c.NacosConfigService] Nacos client key init properties: 
	serverAddr=192.168.80.128:8848
	username=nacos
	password=n***s

2026-04-14 08:09:58.147 INFO [main :c.a.n.c.a.AbstractServerListManager] Load and match ServerListProvider com.alibaba.nacos.client.address.EndpointServerListProvider, match result: false
2026-04-14 08:09:58.147 INFO [main :c.a.n.c.a.AbstractServerListManager] Load and match ServerListProvider com.alibaba.nacos.client.address.PropertiesListProvider, match result: true
2026-04-14 08:09:58.147 INFO [main :c.a.n.c.a.AbstractServerListManager] Will use com.alibaba.nacos.client.address.PropertiesListProvider as ServerListProvider
2026-04-14 08:09:58.158 INFO [main :c.a.n.c.u.ParamUtil] [settings] [http-client] connect timeout:1000
2026-04-14 08:09:58.158 INFO [main :c.a.n.c.u.ParamUtil] [settings] [http-client] read timeout:3000
2026-04-14 08:09:58.158 INFO [main :c.a.n.c.u.ParamUtil] PER_TASK_CONFIG_SIZE: 3000.0
2026-04-14 08:09:58.484 INFO [Thread-6:c.a.n.c.a.r.i.CredentialWatcher] null No credential found
2026-04-14 08:09:58.522 INFO [main :c.a.n.c.c.i.Limiter] limitTime:5.0
2026-04-14 08:09:58.871 INFO [main :c.a.n.c.c.i.LocalConfigInfoProcessor] LOCAL_SNAPSHOT_PATH:D:\Projects\english-nova\.local\runtime-home\nacos\config
2026-04-14 08:10:00.254 INFO [com.alibaba.nacos.client.remote.worker.0:c.a.n.c.c.i.ClientWorker] [cbb8adb0-ea86-4fa1-a371-30ea001e3b32_config-0] Connected,notify listen context...
2026-04-14 08:10:00.254 INFO [com.alibaba.nacos.client.remote.worker.0:c.a.n.c.c.i.ClientWorker] [cbb8adb0-ea86-4fa1-a371-30ea001e3b32_config-0] Connected,notify fuzzy listen context...
2026-04-14 09:24:28.721 INFO [main :c.a.n.c.u.ClientBasicParamUtil] [settings] [req-serv] nacos-server port:8848
2026-04-14 09:24:28.723 INFO [main :c.a.n.c.c.NacosConfigService] Nacos client key init properties: 
	serverAddr=192.168.80.128:8848
	username=nacos
	password=n***s

2026-04-14 09:24:28.744 INFO [main :c.a.n.c.a.AbstractServerListManager] Load and match ServerListProvider com.alibaba.nacos.client.address.EndpointServerListProvider, match result: false
2026-04-14 09:24:28.744 INFO [main :c.a.n.c.a.AbstractServerListManager] Load and match ServerListProvider com.alibaba.nacos.client.address.PropertiesListProvider, match result: true
2026-04-14 09:24:28.744 INFO [main :c.a.n.c.a.AbstractServerListManager] Will use com.alibaba.nacos.client.address.PropertiesListProvider as ServerListProvider
2026-04-14 09:24:28.752 INFO [main :c.a.n.c.u.ParamUtil] [settings] [http-client] connect timeout:1000
2026-04-14 09:24:28.752 INFO [main :c.a.n.c.u.ParamUtil] [settings] [http-client] read timeout:3000
2026-04-14 09:24:28.753 INFO [main :c.a.n.c.u.ParamUtil] PER_TASK_CONFIG_SIZE: 3000.0
2026-04-14 09:24:29.087 INFO [Thread-6:c.a.n.c.a.r.i.CredentialWatcher] null No credential found
2026-04-14 09:24:29.126 INFO [main :c.a.n.c.c.i.Limiter] limitTime:5.0
2026-04-14 09:24:29.870 INFO [main :c.a.n.c.c.i.LocalConfigInfoProcessor] LOCAL_SNAPSHOT_PATH:D:\Projects\english-nova\.local\runtime-home\nacos\config
2026-04-14 09:24:31.202 INFO [com.alibaba.nacos.client.remote.worker.0:c.a.n.c.c.i.ClientWorker] [d1f821f3-842b-4614-ac0f-652f536489a6_config-0] Connected,notify listen context...
2026-04-14 09:24:31.202 INFO [com.alibaba.nacos.client.remote.worker.0:c.a.n.c.c.i.ClientWorker] [d1f821f3-842b-4614-ac0f-652f536489a6_config-0] Connected,notify fuzzy listen context...
2026-04-14 09:55:58.150 INFO [main :c.a.n.c.u.ClientBasicParamUtil] [settings] [req-serv] nacos-server port:8848
2026-04-14 09:55:58.152 INFO [main :c.a.n.c.c.NacosConfigService] Nacos client key init properties: 
	serverAddr=192.168.80.128:8848
	username=nacos
	password=n***s

2026-04-14 09:55:58.161 INFO [main :c.a.n.c.a.AbstractServerListManager] Load and match ServerListProvider com.alibaba.nacos.client.address.EndpointServerListProvider, match result: false
2026-04-14 09:55:58.161 INFO [main :c.a.n.c.a.AbstractServerListManager] Load and match ServerListProvider com.alibaba.nacos.client.address.PropertiesListProvider, match result: true
2026-04-14 09:55:58.161 INFO [main :c.a.n.c.a.AbstractServerListManager] Will use com.alibaba.nacos.client.address.PropertiesListProvider as ServerListProvider
2026-04-14 09:55:58.167 INFO [main :c.a.n.c.u.ParamUtil] [settings] [http-client] connect timeout:1000
2026-04-14 09:55:58.167 INFO [main :c.a.n.c.u.ParamUtil] [settings] [http-client] read timeout:3000
2026-04-14 09:55:58.169 INFO [main :c.a.n.c.u.ParamUtil] PER_TASK_CONFIG_SIZE: 3000.0
2026-04-14 09:55:58.353 INFO [Thread-6:c.a.n.c.a.r.i.CredentialWatcher] null No credential found
2026-04-14 09:55:58.395 INFO [main :c.a.n.c.c.i.Limiter] limitTime:5.0
2026-04-14 09:55:58.809 INFO [main :c.a.n.c.c.i.LocalConfigInfoProcessor] LOCAL_SNAPSHOT_PATH:D:\Projects\english-nova\.local\runtime-home\nacos\config
2026-04-14 09:55:59.886 INFO [com.alibaba.nacos.client.remote.worker.0:c.a.n.c.c.i.ClientWorker] [67bafef2-deb9-45e7-bc3b-0509f3861ab1_config-0] Connected,notify listen context...
2026-04-14 09:55:59.886 INFO [com.alibaba.nacos.client.remote.worker.0:c.a.n.c.c.i.ClientWorker] [67bafef2-deb9-45e7-bc3b-0509f3861ab1_config-0] Connected,notify fuzzy listen context...
2026-04-14 11:16:27.210 INFO [main :c.a.n.c.u.ClientBasicParamUtil] [settings] [req-serv] nacos-server port:8848
2026-04-14 11:16:27.213 INFO [main :c.a.n.c.c.NacosConfigService] Nacos client key init properties: 
	serverAddr=192.168.80.128:8848
	username=nacos
	password=n***s

2026-04-14 11:16:27.223 INFO [main :c.a.n.c.a.AbstractServerListManager] Load and match ServerListProvider com.alibaba.nacos.client.address.EndpointServerListProvider, match result: false
2026-04-14 11:16:27.223 INFO [main :c.a.n.c.a.AbstractServerListManager] Load and match ServerListProvider com.alibaba.nacos.client.address.PropertiesListProvider, match result: true
2026-04-14 11:16:27.223 INFO [main :c.a.n.c.a.AbstractServerListManager] Will use com.alibaba.nacos.client.address.PropertiesListProvider as ServerListProvider
2026-04-14 11:16:27.227 INFO [main :c.a.n.c.u.ParamUtil] [settings] [http-client] connect timeout:1000
2026-04-14 11:16:27.227 INFO [main :c.a.n.c.u.ParamUtil] [settings] [http-client] read timeout:3000
2026-04-14 11:16:27.228 INFO [main :c.a.n.c.u.ParamUtil] PER_TASK_CONFIG_SIZE: 3000.0
2026-04-14 11:16:27.380 INFO [main :c.a.n.c.a.r.i.CredentialWatcher] null No credential found
2026-04-14 11:16:27.445 INFO [main :c.a.n.c.c.i.Limiter] limitTime:5.0
2026-04-14 11:16:28.043 INFO [main :c.a.n.c.c.i.LocalConfigInfoProcessor] LOCAL_SNAPSHOT_PATH:D:\Projects\english-nova\.local\runtime-home\nacos\config
2026-04-14 11:16:29.154 INFO [com.alibaba.nacos.client.remote.worker.0:c.a.n.c.c.i.ClientWorker] [5512ea0e-bc8a-4d02-b529-da764409315c_config-0] Connected,notify listen context...
2026-04-14 11:16:29.154 INFO [com.alibaba.nacos.client.remote.worker.0:c.a.n.c.c.i.ClientWorker] [5512ea0e-bc8a-4d02-b529-da764409315c_config-0] Connected,notify fuzzy listen context...
2026-04-14 11:16:29.362 INFO [main :c.a.n.c.u.ClientBasicParamUtil] [settings] [req-serv] nacos-server port:8848
2026-04-14 11:16:29.366 INFO [main :c.a.n.c.c.NacosConfigService] Nacos client key init properties: 
	serverAddr=192.168.80.128:8848
	username=nacos
	password=n***s

2026-04-14 11:16:29.377 INFO [main :c.a.n.c.a.AbstractServerListManager] Load and match ServerListProvider com.alibaba.nacos.client.address.EndpointServerListProvider, match result: false
2026-04-14 11:16:29.377 INFO [main :c.a.n.c.a.AbstractServerListManager] Load and match ServerListProvider com.alibaba.nacos.client.address.PropertiesListProvider, match result: true
2026-04-14 11:16:29.377 INFO [main :c.a.n.c.a.AbstractServerListManager] Will use com.alibaba.nacos.client.address.PropertiesListProvider as ServerListProvider
2026-04-14 11:16:29.384 INFO [main :c.a.n.c.u.ParamUtil] [settings] [http-client] connect timeout:1000
2026-04-14 11:16:29.384 INFO [main :c.a.n.c.u.ParamUtil] [settings] [http-client] read timeout:3000
2026-04-14 11:16:29.384 INFO [main :c.a.n.c.u.ParamUtil] PER_TASK_CONFIG_SIZE: 3000.0
2026-04-14 11:16:29.586 INFO [Thread-6:c.a.n.c.a.r.i.CredentialWatcher] null No credential found
2026-04-14 11:16:29.621 INFO [main :c.a.n.c.c.i.Limiter] limitTime:5.0
2026-04-14 11:16:29.845 INFO [main :c.a.n.c.c.i.LocalConfigInfoProcessor] LOCAL_SNAPSHOT_PATH:D:\Projects\english-nova\.local\runtime-home\nacos\config
2026-04-14 11:16:31.197 INFO [com.alibaba.nacos.client.remote.worker.0:c.a.n.c.c.i.ClientWorker] [a3355eb9-dc20-41b8-9fba-3211a2775535_config-0] Connected,notify listen context...
2026-04-14 11:16:31.197 INFO [com.alibaba.nacos.client.remote.worker.0:c.a.n.c.c.i.ClientWorker] [a3355eb9-dc20-41b8-9fba-3211a2775535_config-0] Connected,notify fuzzy listen context...
2026-04-14 11:16:31.609 INFO [main :c.a.n.c.u.ClientBasicParamUtil] [settings] [req-serv] nacos-server port:8848
2026-04-14 11:16:31.613 INFO [main :c.a.n.c.c.NacosConfigService] Nacos client key init properties: 
	serverAddr=192.168.80.128:8848
	username=nacos
	password=n***s

2026-04-14 11:16:31.628 INFO [main :c.a.n.c.a.AbstractServerListManager] Load and match ServerListProvider com.alibaba.nacos.client.address.EndpointServerListProvider, match result: false
2026-04-14 11:16:31.628 INFO [main :c.a.n.c.a.AbstractServerListManager] Load and match ServerListProvider com.alibaba.nacos.client.address.PropertiesListProvider, match result: true
2026-04-14 11:16:31.628 INFO [main :c.a.n.c.a.AbstractServerListManager] Will use com.alibaba.nacos.client.address.PropertiesListProvider as ServerListProvider
2026-04-14 11:16:31.638 INFO [main :c.a.n.c.u.ParamUtil] [settings] [http-client] connect timeout:1000
2026-04-14 11:16:31.639 INFO [main :c.a.n.c.u.ParamUtil] [settings] [http-client] read timeout:3000
2026-04-14 11:16:31.639 INFO [main :c.a.n.c.u.ParamUtil] PER_TASK_CONFIG_SIZE: 3000.0
2026-04-14 11:16:31.869 INFO [Thread-6:c.a.n.c.a.r.i.CredentialWatcher] null No credential found
2026-04-14 11:16:31.911 INFO [main :c.a.n.c.c.i.Limiter] limitTime:5.0
2026-04-14 11:16:32.200 INFO [main :c.a.n.c.c.i.LocalConfigInfoProcessor] LOCAL_SNAPSHOT_PATH:D:\Projects\english-nova\.local\runtime-home\nacos\config
2026-04-14 11:16:33.995 INFO [com.alibaba.nacos.client.remote.worker.0:c.a.n.c.c.i.ClientWorker] [d3bf4d37-2114-4138-be9c-657179d28276_config-0] Connected,notify listen context...
2026-04-14 11:16:33.995 INFO [com.alibaba.nacos.client.remote.worker.0:c.a.n.c.c.i.ClientWorker] [d3bf4d37-2114-4138-be9c-657179d28276_config-0] Connected,notify fuzzy listen context...
2026-04-14 11:16:34.175 INFO [main :c.a.n.c.u.ClientBasicParamUtil] [settings] [req-serv] nacos-server port:8848
2026-04-14 11:16:34.195 INFO [main :c.a.n.c.c.NacosConfigService] Nacos client key init properties: 
	serverAddr=192.168.80.128:8848
	username=nacos
	password=n***s

2026-04-14 11:16:34.213 INFO [main :c.a.n.c.a.AbstractServerListManager] Load and match ServerListProvider com.alibaba.nacos.client.address.EndpointServerListProvider, match result: false
2026-04-14 11:16:34.213 INFO [main :c.a.n.c.a.AbstractServerListManager] Load and match ServerListProvider com.alibaba.nacos.client.address.PropertiesListProvider, match result: true
2026-04-14 11:16:34.213 INFO [main :c.a.n.c.a.AbstractServerListManager] Will use com.alibaba.nacos.client.address.PropertiesListProvider as ServerListProvider
2026-04-14 11:16:34.222 INFO [main :c.a.n.c.u.ParamUtil] [settings] [http-client] connect timeout:1000
2026-04-14 11:16:34.222 INFO [main :c.a.n.c.u.ParamUtil] [settings] [http-client] read timeout:3000
2026-04-14 11:16:34.222 INFO [main :c.a.n.c.u.ParamUtil] PER_TASK_CONFIG_SIZE: 3000.0
2026-04-14 11:16:34.577 INFO [Thread-6:c.a.n.c.a.r.i.CredentialWatcher] null No credential found
2026-04-14 11:16:34.624 INFO [main :c.a.n.c.c.i.Limiter] limitTime:5.0
2026-04-14 11:16:35.036 INFO [main :c.a.n.c.c.i.LocalConfigInfoProcessor] LOCAL_SNAPSHOT_PATH:D:\Projects\english-nova\.local\runtime-home\nacos\config
2026-04-14 11:16:36.552 INFO [main :c.a.n.c.u.ClientBasicParamUtil] [settings] [req-serv] nacos-server port:8848
2026-04-14 11:16:36.557 INFO [main :c.a.n.c.c.NacosConfigService] Nacos client key init properties: 
	serverAddr=192.168.80.128:8848
	username=nacos
	password=n***s

2026-04-14 11:16:36.573 INFO [main :c.a.n.c.a.AbstractServerListManager] Load and match ServerListProvider com.alibaba.nacos.client.address.EndpointServerListProvider, match result: false
2026-04-14 11:16:36.573 INFO [main :c.a.n.c.a.AbstractServerListManager] Load and match ServerListProvider com.alibaba.nacos.client.address.PropertiesListProvider, match result: true
2026-04-14 11:16:36.573 INFO [main :c.a.n.c.a.AbstractServerListManager] Will use com.alibaba.nacos.client.address.PropertiesListProvider as ServerListProvider
2026-04-14 11:16:36.581 INFO [main :c.a.n.c.u.ParamUtil] [settings] [http-client] connect timeout:1000
2026-04-14 11:16:36.581 INFO [main :c.a.n.c.u.ParamUtil] [settings] [http-client] read timeout:3000
2026-04-14 11:16:36.581 INFO [main :c.a.n.c.u.ParamUtil] PER_TASK_CONFIG_SIZE: 3000.0
2026-04-14 11:16:36.834 INFO [Thread-6:c.a.n.c.a.r.i.CredentialWatcher] null No credential found
2026-04-14 11:16:36.875 INFO [main :c.a.n.c.c.i.Limiter] limitTime:5.0
2026-04-14 11:16:36.890 INFO [com.alibaba.nacos.client.remote.worker.0:c.a.n.c.c.i.ClientWorker] [c9bf36ca-66a2-45b1-958c-7de0d31a4757_config-0] Connected,notify listen context...
2026-04-14 11:16:36.890 INFO [com.alibaba.nacos.client.remote.worker.0:c.a.n.c.c.i.ClientWorker] [c9bf36ca-66a2-45b1-958c-7de0d31a4757_config-0] Connected,notify fuzzy listen context...
2026-04-14 11:16:37.213 INFO [main :c.a.n.c.c.i.LocalConfigInfoProcessor] LOCAL_SNAPSHOT_PATH:D:\Projects\english-nova\.local\runtime-home\nacos\config
2026-04-14 11:16:38.487 INFO [main :c.a.n.c.u.ClientBasicParamUtil] [settings] [req-serv] nacos-server port:8848
2026-04-14 11:16:38.496 INFO [main :c.a.n.c.c.NacosConfigService] Nacos client key init properties: 
	serverAddr=192.168.80.128:8848
	username=nacos
	password=n***s

2026-04-14 11:16:38.528 INFO [main :c.a.n.c.a.AbstractServerListManager] Load and match ServerListProvider com.alibaba.nacos.client.address.EndpointServerListProvider, match result: false
2026-04-14 11:16:38.529 INFO [main :c.a.n.c.a.AbstractServerListManager] Load and match ServerListProvider com.alibaba.nacos.client.address.PropertiesListProvider, match result: true
2026-04-14 11:16:38.529 INFO [main :c.a.n.c.a.AbstractServerListManager] Will use com.alibaba.nacos.client.address.PropertiesListProvider as ServerListProvider
2026-04-14 11:16:38.541 INFO [main :c.a.n.c.u.ParamUtil] [settings] [http-client] connect timeout:1000
2026-04-14 11:16:38.541 INFO [main :c.a.n.c.u.ParamUtil] [settings] [http-client] read timeout:3000
2026-04-14 11:16:38.542 INFO [main :c.a.n.c.u.ParamUtil] PER_TASK_CONFIG_SIZE: 3000.0
2026-04-14 11:16:38.876 INFO [Thread-6:c.a.n.c.a.r.i.CredentialWatcher] null No credential found
2026-04-14 11:16:39.024 INFO [main :c.a.n.c.c.i.Limiter] limitTime:5.0
2026-04-14 11:16:39.279 INFO [com.alibaba.nacos.client.remote.worker.0:c.a.n.c.c.i.ClientWorker] [896f4884-5726-42c4-98c1-c21750c68ee3_config-0] Connected,notify listen context...
2026-04-14 11:16:39.280 INFO [com.alibaba.nacos.client.remote.worker.0:c.a.n.c.c.i.ClientWorker] [896f4884-5726-42c4-98c1-c21750c68ee3_config-0] Connected,notify fuzzy listen context...
2026-04-14 11:16:39.417 INFO [main :c.a.n.c.c.i.LocalConfigInfoProcessor] LOCAL_SNAPSHOT_PATH:D:\Projects\english-nova\.local\runtime-home\nacos\config
2026-04-14 11:16:41.344 INFO [main :c.a.n.c.u.ClientBasicParamUtil] [settings] [req-serv] nacos-server port:8848
2026-04-14 11:16:41.352 INFO [main :c.a.n.c.c.NacosConfigService] Nacos client key init properties: 
	serverAddr=192.168.80.128:8848
	username=nacos
	password=n***s

2026-04-14 11:16:41.371 INFO [main :c.a.n.c.a.AbstractServerListManager] Load and match ServerListProvider com.alibaba.nacos.client.address.EndpointServerListProvider, match result: false
2026-04-14 11:16:41.371 INFO [main :c.a.n.c.a.AbstractServerListManager] Load and match ServerListProvider com.alibaba.nacos.client.address.PropertiesListProvider, match result: true
2026-04-14 11:16:41.371 INFO [main :c.a.n.c.a.AbstractServerListManager] Will use com.alibaba.nacos.client.address.PropertiesListProvider as ServerListProvider
2026-04-14 11:16:41.382 INFO [main :c.a.n.c.u.ParamUtil] [settings] [http-client] connect timeout:1000
2026-04-14 11:16:41.383 INFO [main :c.a.n.c.u.ParamUtil] [settings] [http-client] read timeout:3000
2026-04-14 11:16:41.383 INFO [main :c.a.n.c.u.ParamUtil] PER_TASK_CONFIG_SIZE: 3000.0
2026-04-14 11:16:41.704 INFO [main :c.a.n.c.a.r.i.CredentialWatcher] null No credential found
2026-04-14 11:16:41.770 INFO [main :c.a.n.c.c.i.Limiter] limitTime:5.0
2026-04-14 11:16:41.899 INFO [com.alibaba.nacos.client.remote.worker.0:c.a.n.c.c.i.ClientWorker] [f97da421-c39b-4ba5-a4f8-93675a7ec497_config-0] Connected,notify listen context...
2026-04-14 11:16:41.899 INFO [com.alibaba.nacos.client.remote.worker.0:c.a.n.c.c.i.ClientWorker] [f97da421-c39b-4ba5-a4f8-93675a7ec497_config-0] Connected,notify fuzzy listen context...
2026-04-14 11:16:42.023 INFO [main :c.a.n.c.c.i.LocalConfigInfoProcessor] LOCAL_SNAPSHOT_PATH:D:\Projects\english-nova\.local\runtime-home\nacos\config
2026-04-14 11:16:43.756 INFO [com.alibaba.nacos.client.remote.worker.0:c.a.n.c.c.i.ClientWorker] [a6d2ca81-2a55-4013-abdd-9aa86aac3c9f_config-0] Connected,notify listen context...
2026-04-14 11:16:43.756 INFO [com.alibaba.nacos.client.remote.worker.0:c.a.n.c.c.i.ClientWorker] [a6d2ca81-2a55-4013-abdd-9aa86aac3c9f_config-0] Connected,notify fuzzy listen context...
2026-04-14 11:18:43.319 INFO [main :c.a.n.c.u.ClientBasicParamUtil] [settings] [req-serv] nacos-server port:8848
2026-04-14 11:18:43.323 INFO [main :c.a.n.c.c.NacosConfigService] Nacos client key init properties: 
	serverAddr=192.168.80.128:8848
	username=nacos
	password=n***s

2026-04-14 11:18:43.332 INFO [main :c.a.n.c.a.AbstractServerListManager] Load and match ServerListProvider com.alibaba.nacos.client.address.EndpointServerListProvider, match result: false
2026-04-14 11:18:43.332 INFO [main :c.a.n.c.a.AbstractServerListManager] Load and match ServerListProvider com.alibaba.nacos.client.address.PropertiesListProvider, match result: true
2026-04-14 11:18:43.332 INFO [main :c.a.n.c.a.AbstractServerListManager] Will use com.alibaba.nacos.client.address.PropertiesListProvider as ServerListProvider
2026-04-14 11:18:43.336 INFO [main :c.a.n.c.u.ParamUtil] [settings] [http-client] connect timeout:1000
2026-04-14 11:18:43.336 INFO [main :c.a.n.c.u.ParamUtil] [settings] [http-client] read timeout:3000
2026-04-14 11:18:43.336 INFO [main :c.a.n.c.u.ParamUtil] PER_TASK_CONFIG_SIZE: 3000.0
2026-04-14 11:18:43.481 INFO [main :c.a.n.c.a.r.i.CredentialWatcher] null No credential found
2026-04-14 11:18:43.518 INFO [main :c.a.n.c.c.i.Limiter] limitTime:5.0
2026-04-14 11:18:43.764 INFO [main :c.a.n.c.c.i.LocalConfigInfoProcessor] LOCAL_SNAPSHOT_PATH:D:\Projects\english-nova\.local\runtime-home\nacos\config
2026-04-14 11:18:44.863 INFO [com.alibaba.nacos.client.remote.worker.0:c.a.n.c.c.i.ClientWorker] [171f2436-3517-4f7a-a2b0-898ad6d9dba1_config-0] Connected,notify listen context...
2026-04-14 11:18:44.863 INFO [com.alibaba.nacos.client.remote.worker.0:c.a.n.c.c.i.ClientWorker] [171f2436-3517-4f7a-a2b0-898ad6d9dba1_config-0] Connected,notify fuzzy listen context...
2026-04-14 11:18:45.410 INFO [main :c.a.n.c.u.ClientBasicParamUtil] [settings] [req-serv] nacos-server port:8848
2026-04-14 11:18:45.412 INFO [main :c.a.n.c.c.NacosConfigService] Nacos client key init properties: 
	serverAddr=192.168.80.128:8848
	username=nacos
	password=n***s

2026-04-14 11:18:45.419 INFO [main :c.a.n.c.a.AbstractServerListManager] Load and match ServerListProvider com.alibaba.nacos.client.address.EndpointServerListProvider, match result: false
2026-04-14 11:18:45.419 INFO [main :c.a.n.c.a.AbstractServerListManager] Load and match ServerListProvider com.alibaba.nacos.client.address.PropertiesListProvider, match result: true
2026-04-14 11:18:45.419 INFO [main :c.a.n.c.a.AbstractServerListManager] Will use com.alibaba.nacos.client.address.PropertiesListProvider as ServerListProvider
2026-04-14 11:18:45.423 INFO [main :c.a.n.c.u.ParamUtil] [settings] [http-client] connect timeout:1000
2026-04-14 11:18:45.423 INFO [main :c.a.n.c.u.ParamUtil] [settings] [http-client] read timeout:3000
2026-04-14 11:18:45.424 INFO [main :c.a.n.c.u.ParamUtil] PER_TASK_CONFIG_SIZE: 3000.0
2026-04-14 11:18:45.559 INFO [Thread-6:c.a.n.c.a.r.i.CredentialWatcher] null No credential found
2026-04-14 11:18:45.598 INFO [main :c.a.n.c.c.i.Limiter] limitTime:5.0
2026-04-14 11:18:45.826 INFO [main :c.a.n.c.c.i.LocalConfigInfoProcessor] LOCAL_SNAPSHOT_PATH:D:\Projects\english-nova\.local\runtime-home\nacos\config
2026-04-14 11:18:46.970 INFO [com.alibaba.nacos.client.remote.worker.0:c.a.n.c.c.i.ClientWorker] [57661161-97b0-4f82-b68c-e01be1c53234_config-0] Connected,notify listen context...
2026-04-14 11:18:46.970 INFO [com.alibaba.nacos.client.remote.worker.0:c.a.n.c.c.i.ClientWorker] [57661161-97b0-4f82-b68c-e01be1c53234_config-0] Connected,notify fuzzy listen context...
2026-04-14 11:18:47.616 INFO [main :c.a.n.c.u.ClientBasicParamUtil] [settings] [req-serv] nacos-server port:8848
2026-04-14 11:18:47.618 INFO [main :c.a.n.c.c.NacosConfigService] Nacos client key init properties: 
	serverAddr=192.168.80.128:8848
	username=nacos
	password=n***s

2026-04-14 11:18:47.629 INFO [main :c.a.n.c.a.AbstractServerListManager] Load and match ServerListProvider com.alibaba.nacos.client.address.EndpointServerListProvider, match result: false
2026-04-14 11:18:47.629 INFO [main :c.a.n.c.a.AbstractServerListManager] Load and match ServerListProvider com.alibaba.nacos.client.address.PropertiesListProvider, match result: true
2026-04-14 11:18:47.629 INFO [main :c.a.n.c.a.AbstractServerListManager] Will use com.alibaba.nacos.client.address.PropertiesListProvider as ServerListProvider
2026-04-14 11:18:47.635 INFO [main :c.a.n.c.u.ParamUtil] [settings] [http-client] connect timeout:1000
2026-04-14 11:18:47.635 INFO [main :c.a.n.c.u.ParamUtil] [settings] [http-client] read timeout:3000
2026-04-14 11:18:47.635 INFO [main :c.a.n.c.u.ParamUtil] PER_TASK_CONFIG_SIZE: 3000.0
2026-04-14 11:18:47.787 INFO [Thread-6:c.a.n.c.a.r.i.CredentialWatcher] null No credential found
2026-04-14 11:18:47.821 INFO [main :c.a.n.c.c.i.Limiter] limitTime:5.0
2026-04-14 11:18:48.110 INFO [main :c.a.n.c.c.i.LocalConfigInfoProcessor] LOCAL_SNAPSHOT_PATH:D:\Projects\english-nova\.local\runtime-home\nacos\config
2026-04-14 11:18:49.770 INFO [com.alibaba.nacos.client.remote.worker.0:c.a.n.c.c.i.ClientWorker] [6603a697-2ffe-4bf5-92db-149da091c5bd_config-0] Connected,notify listen context...
2026-04-14 11:18:49.770 INFO [com.alibaba.nacos.client.remote.worker.0:c.a.n.c.c.i.ClientWorker] [6603a697-2ffe-4bf5-92db-149da091c5bd_config-0] Connected,notify fuzzy listen context...
2026-04-14 11:18:50.268 INFO [main :c.a.n.c.u.ClientBasicParamUtil] [settings] [req-serv] nacos-server port:8848
2026-04-14 11:18:50.272 INFO [main :c.a.n.c.c.NacosConfigService] Nacos client key init properties: 
	serverAddr=192.168.80.128:8848
	username=nacos
	password=n***s

2026-04-14 11:18:50.287 INFO [main :c.a.n.c.a.AbstractServerListManager] Load and match ServerListProvider com.alibaba.nacos.client.address.EndpointServerListProvider, match result: false
2026-04-14 11:18:50.287 INFO [main :c.a.n.c.a.AbstractServerListManager] Load and match ServerListProvider com.alibaba.nacos.client.address.PropertiesListProvider, match result: true
2026-04-14 11:18:50.287 INFO [main :c.a.n.c.a.AbstractServerListManager] Will use com.alibaba.nacos.client.address.PropertiesListProvider as ServerListProvider
2026-04-14 11:18:50.295 INFO [main :c.a.n.c.u.ParamUtil] [settings] [http-client] connect timeout:1000
2026-04-14 11:18:50.295 INFO [main :c.a.n.c.u.ParamUtil] [settings] [http-client] read timeout:3000
2026-04-14 11:18:50.295 INFO [main :c.a.n.c.u.ParamUtil] PER_TASK_CONFIG_SIZE: 3000.0
2026-04-14 11:18:50.615 INFO [Thread-6:c.a.n.c.a.r.i.CredentialWatcher] null No credential found
2026-04-14 11:18:50.660 INFO [main :c.a.n.c.c.i.Limiter] limitTime:5.0
2026-04-14 11:18:50.956 INFO [main :c.a.n.c.c.i.LocalConfigInfoProcessor] LOCAL_SNAPSHOT_PATH:D:\Projects\english-nova\.local\runtime-home\nacos\config
2026-04-14 11:18:52.336 INFO [main :c.a.n.c.u.ClientBasicParamUtil] [settings] [req-serv] nacos-server port:8848
2026-04-14 11:18:52.338 INFO [main :c.a.n.c.c.NacosConfigService] Nacos client key init properties: 
	serverAddr=192.168.80.128:8848
	username=nacos
	password=n***s

2026-04-14 11:18:52.351 INFO [main :c.a.n.c.a.AbstractServerListManager] Load and match ServerListProvider com.alibaba.nacos.client.address.EndpointServerListProvider, match result: false
2026-04-14 11:18:52.351 INFO [main :c.a.n.c.a.AbstractServerListManager] Load and match ServerListProvider com.alibaba.nacos.client.address.PropertiesListProvider, match result: true
2026-04-14 11:18:52.351 INFO [main :c.a.n.c.a.AbstractServerListManager] Will use com.alibaba.nacos.client.address.PropertiesListProvider as ServerListProvider
2026-04-14 11:18:52.355 INFO [main :c.a.n.c.u.ParamUtil] [settings] [http-client] connect timeout:1000
2026-04-14 11:18:52.355 INFO [main :c.a.n.c.u.ParamUtil] [settings] [http-client] read timeout:3000
2026-04-14 11:18:52.358 INFO [main :c.a.n.c.u.ParamUtil] PER_TASK_CONFIG_SIZE: 3000.0
2026-04-14 11:18:52.579 INFO [Thread-6:c.a.n.c.a.r.i.CredentialWatcher] null No credential found
2026-04-14 11:18:52.618 INFO [main :c.a.n.c.c.i.Limiter] limitTime:5.0
2026-04-14 11:18:52.818 INFO [com.alibaba.nacos.client.remote.worker.0:c.a.n.c.c.i.ClientWorker] [8fd9ce1f-c036-4316-9100-5ba62183e104_config-0] Connected,notify listen context...
2026-04-14 11:18:52.818 INFO [com.alibaba.nacos.client.remote.worker.0:c.a.n.c.c.i.ClientWorker] [8fd9ce1f-c036-4316-9100-5ba62183e104_config-0] Connected,notify fuzzy listen context...
2026-04-14 11:18:52.902 INFO [main :c.a.n.c.c.i.LocalConfigInfoProcessor] LOCAL_SNAPSHOT_PATH:D:\Projects\english-nova\.local\runtime-home\nacos\config
2026-04-14 11:18:54.218 INFO [main :c.a.n.c.u.ClientBasicParamUtil] [settings] [req-serv] nacos-server port:8848
2026-04-14 11:18:54.221 INFO [main :c.a.n.c.c.NacosConfigService] Nacos client key init properties: 
	serverAddr=192.168.80.128:8848
	username=nacos
	password=n***s

2026-04-14 11:18:54.235 INFO [main :c.a.n.c.a.AbstractServerListManager] Load and match ServerListProvider com.alibaba.nacos.client.address.EndpointServerListProvider, match result: false
2026-04-14 11:18:54.235 INFO [main :c.a.n.c.a.AbstractServerListManager] Load and match ServerListProvider com.alibaba.nacos.client.address.PropertiesListProvider, match result: true
2026-04-14 11:18:54.235 INFO [main :c.a.n.c.a.AbstractServerListManager] Will use com.alibaba.nacos.client.address.PropertiesListProvider as ServerListProvider
2026-04-14 11:18:54.242 INFO [main :c.a.n.c.u.ParamUtil] [settings] [http-client] connect timeout:1000
2026-04-14 11:18:54.242 INFO [main :c.a.n.c.u.ParamUtil] [settings] [http-client] read timeout:3000
2026-04-14 11:18:54.242 INFO [main :c.a.n.c.u.ParamUtil] PER_TASK_CONFIG_SIZE: 3000.0
2026-04-14 11:18:54.567 INFO [Thread-6:c.a.n.c.a.r.i.CredentialWatcher] null No credential found
2026-04-14 11:18:54.631 INFO [main :c.a.n.c.c.i.Limiter] limitTime:5.0
2026-04-14 11:18:54.772 INFO [com.alibaba.nacos.client.remote.worker.0:c.a.n.c.c.i.ClientWorker] [06a6f21a-d722-4f77-a69a-aaa92037b68b_config-0] Connected,notify listen context...
2026-04-14 11:18:54.772 INFO [com.alibaba.nacos.client.remote.worker.0:c.a.n.c.c.i.ClientWorker] [06a6f21a-d722-4f77-a69a-aaa92037b68b_config-0] Connected,notify fuzzy listen context...
2026-04-14 11:18:54.959 INFO [main :c.a.n.c.c.i.LocalConfigInfoProcessor] LOCAL_SNAPSHOT_PATH:D:\Projects\english-nova\.local\runtime-home\nacos\config
2026-04-14 11:18:56.882 INFO [main :c.a.n.c.u.ClientBasicParamUtil] [settings] [req-serv] nacos-server port:8848
2026-04-14 11:18:56.884 INFO [main :c.a.n.c.c.NacosConfigService] Nacos client key init properties: 
	serverAddr=192.168.80.128:8848
	username=nacos
	password=n***s

2026-04-14 11:18:56.896 INFO [main :c.a.n.c.a.AbstractServerListManager] Load and match ServerListProvider com.alibaba.nacos.client.address.EndpointServerListProvider, match result: false
2026-04-14 11:18:56.896 INFO [main :c.a.n.c.a.AbstractServerListManager] Load and match ServerListProvider com.alibaba.nacos.client.address.PropertiesListProvider, match result: true
2026-04-14 11:18:56.896 INFO [main :c.a.n.c.a.AbstractServerListManager] Will use com.alibaba.nacos.client.address.PropertiesListProvider as ServerListProvider
2026-04-14 11:18:56.903 INFO [main :c.a.n.c.u.ParamUtil] [settings] [http-client] connect timeout:1000
2026-04-14 11:18:56.903 INFO [main :c.a.n.c.u.ParamUtil] [settings] [http-client] read timeout:3000
2026-04-14 11:18:56.903 INFO [main :c.a.n.c.u.ParamUtil] PER_TASK_CONFIG_SIZE: 3000.0
2026-04-14 11:18:57.093 INFO [Thread-6:c.a.n.c.a.r.i.CredentialWatcher] null No credential found
2026-04-14 11:18:57.204 INFO [main :c.a.n.c.c.i.Limiter] limitTime:5.0
2026-04-14 11:18:57.431 INFO [com.alibaba.nacos.client.remote.worker.0:c.a.n.c.c.i.ClientWorker] [a16abcdb-c2fb-447b-a8ff-02ea3c109cc1_config-0] Connected,notify listen context...
2026-04-14 11:18:57.431 INFO [com.alibaba.nacos.client.remote.worker.0:c.a.n.c.c.i.ClientWorker] [a16abcdb-c2fb-447b-a8ff-02ea3c109cc1_config-0] Connected,notify fuzzy listen context...
2026-04-14 11:18:57.470 INFO [main :c.a.n.c.c.i.LocalConfigInfoProcessor] LOCAL_SNAPSHOT_PATH:D:\Projects\english-nova\.local\runtime-home\nacos\config
2026-04-14 11:18:59.306 INFO [com.alibaba.nacos.client.remote.worker.0:c.a.n.c.c.i.ClientWorker] [5f5c5660-b18b-44c7-ac1b-b01ad15aa75e_config-0] Connected,notify listen context...
2026-04-14 11:18:59.306 INFO [com.alibaba.nacos.client.remote.worker.0:c.a.n.c.c.i.ClientWorker] [5f5c5660-b18b-44c7-ac1b-b01ad15aa75e_config-0] Connected,notify fuzzy listen context...
2026-04-14 11:20:57.493 INFO [main :c.a.n.c.u.ClientBasicParamUtil] [settings] [req-serv] nacos-server port:8848
2026-04-14 11:20:57.496 INFO [main :c.a.n.c.c.NacosConfigService] Nacos client key init properties: 
	serverAddr=192.168.80.128:8848
	username=nacos
	password=n***s

2026-04-14 11:20:57.505 INFO [main :c.a.n.c.a.AbstractServerListManager] Load and match ServerListProvider com.alibaba.nacos.client.address.EndpointServerListProvider, match result: false
2026-04-14 11:20:57.505 INFO [main :c.a.n.c.a.AbstractServerListManager] Load and match ServerListProvider com.alibaba.nacos.client.address.PropertiesListProvider, match result: true
2026-04-14 11:20:57.505 INFO [main :c.a.n.c.a.AbstractServerListManager] Will use com.alibaba.nacos.client.address.PropertiesListProvider as ServerListProvider
2026-04-14 11:20:57.513 INFO [main :c.a.n.c.u.ParamUtil] [settings] [http-client] connect timeout:1000
2026-04-14 11:20:57.513 INFO [main :c.a.n.c.u.ParamUtil] [settings] [http-client] read timeout:3000
2026-04-14 11:20:57.513 INFO [main :c.a.n.c.u.ParamUtil] PER_TASK_CONFIG_SIZE: 3000.0
2026-04-14 11:20:57.701 INFO [Thread-6:c.a.n.c.a.r.i.CredentialWatcher] null No credential found
2026-04-14 11:20:57.730 INFO [main :c.a.n.c.c.i.Limiter] limitTime:5.0
2026-04-14 11:20:57.971 INFO [main :c.a.n.c.c.i.LocalConfigInfoProcessor] LOCAL_SNAPSHOT_PATH:D:\Projects\english-nova\.local\runtime-home\nacos\config
2026-04-14 11:20:59.020 INFO [com.alibaba.nacos.client.remote.worker.0:c.a.n.c.c.i.ClientWorker] [05d6c134-4394-4a4d-a4dd-3a52a8a24241_config-0] Connected,notify listen context...
2026-04-14 11:20:59.020 INFO [com.alibaba.nacos.client.remote.worker.0:c.a.n.c.c.i.ClientWorker] [05d6c134-4394-4a4d-a4dd-3a52a8a24241_config-0] Connected,notify fuzzy listen context...
2026-04-14 14:01:12.329 INFO [main :c.a.n.c.u.ClientBasicParamUtil] [settings] [req-serv] nacos-server port:8848
2026-04-14 14:01:12.332 INFO [main :c.a.n.c.c.NacosConfigService] Nacos client key init properties: 
	serverAddr=192.168.80.128:8848
	username=nacos
	password=n***s

2026-04-14 14:01:12.349 INFO [main :c.a.n.c.a.AbstractServerListManager] Load and match ServerListProvider com.alibaba.nacos.client.address.EndpointServerListProvider, match result: false
2026-04-14 14:01:12.349 INFO [main :c.a.n.c.a.AbstractServerListManager] Load and match ServerListProvider com.alibaba.nacos.client.address.PropertiesListProvider, match result: true
2026-04-14 14:01:12.349 INFO [main :c.a.n.c.a.AbstractServerListManager] Will use com.alibaba.nacos.client.address.PropertiesListProvider as ServerListProvider
2026-04-14 14:01:12.362 INFO [main :c.a.n.c.u.ParamUtil] [settings] [http-client] connect timeout:1000
2026-04-14 14:01:12.362 INFO [main :c.a.n.c.u.ParamUtil] [settings] [http-client] read timeout:3000
2026-04-14 14:01:12.364 INFO [main :c.a.n.c.u.ParamUtil] PER_TASK_CONFIG_SIZE: 3000.0
2026-04-14 14:01:12.577 INFO [main :c.a.n.c.a.r.i.CredentialWatcher] null No credential found
2026-04-14 14:01:12.706 INFO [main :c.a.n.c.c.i.Limiter] limitTime:5.0
2026-04-14 14:01:13.243 INFO [main :c.a.n.c.c.i.LocalConfigInfoProcessor] LOCAL_SNAPSHOT_PATH:D:\Projects\english-nova\.local\runtime-home\nacos\config
2026-04-14 14:01:14.540 INFO [main :c.a.n.c.u.ClientBasicParamUtil] [settings] [req-serv] nacos-server port:8848
2026-04-14 14:01:14.544 INFO [main :c.a.n.c.c.NacosConfigService] Nacos client key init properties: 
	serverAddr=192.168.80.128:8848
	username=nacos
	password=n***s

2026-04-14 14:01:14.556 INFO [main :c.a.n.c.a.AbstractServerListManager] Load and match ServerListProvider com.alibaba.nacos.client.address.EndpointServerListProvider, match result: false
2026-04-14 14:01:14.556 INFO [main :c.a.n.c.a.AbstractServerListManager] Load and match ServerListProvider com.alibaba.nacos.client.address.PropertiesListProvider, match result: true
2026-04-14 14:01:14.556 INFO [main :c.a.n.c.a.AbstractServerListManager] Will use com.alibaba.nacos.client.address.PropertiesListProvider as ServerListProvider
2026-04-14 14:01:14.564 INFO [main :c.a.n.c.u.ParamUtil] [settings] [http-client] connect timeout:1000
2026-04-14 14:01:14.564 INFO [main :c.a.n.c.u.ParamUtil] [settings] [http-client] read timeout:3000
2026-04-14 14:01:14.565 INFO [main :c.a.n.c.u.ParamUtil] PER_TASK_CONFIG_SIZE: 3000.0
2026-04-14 14:01:14.643 INFO [com.alibaba.nacos.client.remote.worker.0:c.a.n.c.c.i.ClientWorker] [9e74cbfa-6dd8-427f-83e4-f2e537e33301_config-0] Connected,notify listen context...
2026-04-14 14:01:14.643 INFO [com.alibaba.nacos.client.remote.worker.0:c.a.n.c.c.i.ClientWorker] [9e74cbfa-6dd8-427f-83e4-f2e537e33301_config-0] Connected,notify fuzzy listen context...
2026-04-14 14:01:14.802 INFO [Thread-6:c.a.n.c.a.r.i.CredentialWatcher] null No credential found
2026-04-14 14:01:14.854 INFO [main :c.a.n.c.c.i.Limiter] limitTime:5.0
2026-04-14 14:01:15.177 INFO [main :c.a.n.c.c.i.LocalConfigInfoProcessor] LOCAL_SNAPSHOT_PATH:D:\Projects\english-nova\.local\runtime-home\nacos\config
2026-04-14 14:01:16.650 INFO [com.alibaba.nacos.client.remote.worker.0:c.a.n.c.c.i.ClientWorker] [226b819e-e536-44a0-ba0d-4fe85e427e26_config-0] Connected,notify listen context...
2026-04-14 14:01:16.650 INFO [com.alibaba.nacos.client.remote.worker.0:c.a.n.c.c.i.ClientWorker] [226b819e-e536-44a0-ba0d-4fe85e427e26_config-0] Connected,notify fuzzy listen context...
2026-04-14 14:01:16.648 INFO [main :c.a.n.c.u.ClientBasicParamUtil] [settings] [req-serv] nacos-server port:8848
2026-04-14 14:01:16.652 INFO [main :c.a.n.c.c.NacosConfigService] Nacos client key init properties: 
	serverAddr=192.168.80.128:8848
	username=nacos
	password=n***s

2026-04-14 14:01:16.671 INFO [main :c.a.n.c.a.AbstractServerListManager] Load and match ServerListProvider com.alibaba.nacos.client.address.EndpointServerListProvider, match result: false
2026-04-14 14:01:16.671 INFO [main :c.a.n.c.a.AbstractServerListManager] Load and match ServerListProvider com.alibaba.nacos.client.address.PropertiesListProvider, match result: true
2026-04-14 14:01:16.671 INFO [main :c.a.n.c.a.AbstractServerListManager] Will use com.alibaba.nacos.client.address.PropertiesListProvider as ServerListProvider
2026-04-14 14:01:16.682 INFO [main :c.a.n.c.u.ParamUtil] [settings] [http-client] connect timeout:1000
2026-04-14 14:01:16.682 INFO [main :c.a.n.c.u.ParamUtil] [settings] [http-client] read timeout:3000
2026-04-14 14:01:16.682 INFO [main :c.a.n.c.u.ParamUtil] PER_TASK_CONFIG_SIZE: 3000.0
2026-04-14 14:01:16.921 INFO [Thread-6:c.a.n.c.a.r.i.CredentialWatcher] null No credential found
2026-04-14 14:01:16.980 INFO [main :c.a.n.c.c.i.Limiter] limitTime:5.0
2026-04-14 14:01:17.287 INFO [main :c.a.n.c.c.i.LocalConfigInfoProcessor] LOCAL_SNAPSHOT_PATH:D:\Projects\english-nova\.local\runtime-home\nacos\config
2026-04-14 14:01:19.018 INFO [main :c.a.n.c.u.ClientBasicParamUtil] [settings] [req-serv] nacos-server port:8848
2026-04-14 14:01:19.022 INFO [main :c.a.n.c.c.NacosConfigService] Nacos client key init properties: 
	serverAddr=192.168.80.128:8848
	username=nacos
	password=n***s

2026-04-14 14:01:19.037 INFO [main :c.a.n.c.a.AbstractServerListManager] Load and match ServerListProvider com.alibaba.nacos.client.address.EndpointServerListProvider, match result: false
2026-04-14 14:01:19.037 INFO [main :c.a.n.c.a.AbstractServerListManager] Load and match ServerListProvider com.alibaba.nacos.client.address.PropertiesListProvider, match result: true
2026-04-14 14:01:19.037 INFO [main :c.a.n.c.a.AbstractServerListManager] Will use com.alibaba.nacos.client.address.PropertiesListProvider as ServerListProvider
2026-04-14 14:01:19.049 INFO [main :c.a.n.c.u.ParamUtil] [settings] [http-client] connect timeout:1000
2026-04-14 14:01:19.049 INFO [main :c.a.n.c.u.ParamUtil] [settings] [http-client] read timeout:3000
2026-04-14 14:01:19.049 INFO [main :c.a.n.c.u.ParamUtil] PER_TASK_CONFIG_SIZE: 3000.0
2026-04-14 14:01:19.215 INFO [com.alibaba.nacos.client.remote.worker.0:c.a.n.c.c.i.ClientWorker] [e7d2c238-80e1-46c2-b91c-8b410353c649_config-0] Connected,notify listen context...
2026-04-14 14:01:19.215 INFO [com.alibaba.nacos.client.remote.worker.0:c.a.n.c.c.i.ClientWorker] [e7d2c238-80e1-46c2-b91c-8b410353c649_config-0] Connected,notify fuzzy listen context...
2026-04-14 14:01:19.349 INFO [Thread-6:c.a.n.c.a.r.i.CredentialWatcher] null No credential found
2026-04-14 14:01:19.395 INFO [main :c.a.n.c.c.i.Limiter] limitTime:5.0
2026-04-14 14:01:19.647 INFO [main :c.a.n.c.c.i.LocalConfigInfoProcessor] LOCAL_SNAPSHOT_PATH:D:\Projects\english-nova\.local\runtime-home\nacos\config
2026-04-14 14:01:21.044 INFO [main :c.a.n.c.u.ClientBasicParamUtil] [settings] [req-serv] nacos-server port:8848
2026-04-14 14:01:21.050 INFO [main :c.a.n.c.c.NacosConfigService] Nacos client key init properties: 
	serverAddr=192.168.80.128:8848
	username=nacos
	password=n***s

2026-04-14 14:01:21.069 INFO [main :c.a.n.c.a.AbstractServerListManager] Load and match ServerListProvider com.alibaba.nacos.client.address.EndpointServerListProvider, match result: false
2026-04-14 14:01:21.069 INFO [main :c.a.n.c.a.AbstractServerListManager] Load and match ServerListProvider com.alibaba.nacos.client.address.PropertiesListProvider, match result: true
2026-04-14 14:01:21.069 INFO [main :c.a.n.c.a.AbstractServerListManager] Will use com.alibaba.nacos.client.address.PropertiesListProvider as ServerListProvider
2026-04-14 14:01:21.080 INFO [main :c.a.n.c.u.ParamUtil] [settings] [http-client] connect timeout:1000
2026-04-14 14:01:21.080 INFO [main :c.a.n.c.u.ParamUtil] [settings] [http-client] read timeout:3000
2026-04-14 14:01:21.082 INFO [main :c.a.n.c.u.ParamUtil] PER_TASK_CONFIG_SIZE: 3000.0
2026-04-14 14:01:21.447 INFO [Thread-6:c.a.n.c.a.r.i.CredentialWatcher] null No credential found
2026-04-14 14:01:21.514 INFO [main :c.a.n.c.c.i.Limiter] limitTime:5.0
2026-04-14 14:01:21.749 INFO [com.alibaba.nacos.client.remote.worker.0:c.a.n.c.c.i.ClientWorker] [e6489fb3-344b-4bad-ab42-0dfa6b65984a_config-0] Connected,notify listen context...
2026-04-14 14:01:21.749 INFO [com.alibaba.nacos.client.remote.worker.0:c.a.n.c.c.i.ClientWorker] [e6489fb3-344b-4bad-ab42-0dfa6b65984a_config-0] Connected,notify fuzzy listen context...
2026-04-14 14:01:21.879 INFO [main :c.a.n.c.c.i.LocalConfigInfoProcessor] LOCAL_SNAPSHOT_PATH:D:\Projects\english-nova\.local\runtime-home\nacos\config
2026-04-14 14:01:23.402 INFO [main :c.a.n.c.u.ClientBasicParamUtil] [settings] [req-serv] nacos-server port:8848
2026-04-14 14:01:23.407 INFO [main :c.a.n.c.c.NacosConfigService] Nacos client key init properties: 
	serverAddr=192.168.80.128:8848
	username=nacos
	password=n***s

2026-04-14 14:01:23.427 INFO [main :c.a.n.c.a.AbstractServerListManager] Load and match ServerListProvider com.alibaba.nacos.client.address.EndpointServerListProvider, match result: false
2026-04-14 14:01:23.427 INFO [main :c.a.n.c.a.AbstractServerListManager] Load and match ServerListProvider com.alibaba.nacos.client.address.PropertiesListProvider, match result: true
2026-04-14 14:01:23.427 INFO [main :c.a.n.c.a.AbstractServerListManager] Will use com.alibaba.nacos.client.address.PropertiesListProvider as ServerListProvider
2026-04-14 14:01:23.439 INFO [main :c.a.n.c.u.ParamUtil] [settings] [http-client] connect timeout:1000
2026-04-14 14:01:23.439 INFO [main :c.a.n.c.u.ParamUtil] [settings] [http-client] read timeout:3000
2026-04-14 14:01:23.441 INFO [main :c.a.n.c.u.ParamUtil] PER_TASK_CONFIG_SIZE: 3000.0
2026-04-14 14:01:23.702 INFO [Thread-6:c.a.n.c.a.r.i.CredentialWatcher] null No credential found
2026-04-14 14:01:23.745 INFO [main :c.a.n.c.c.i.Limiter] limitTime:5.0
2026-04-14 14:01:24.061 INFO [main :c.a.n.c.c.i.LocalConfigInfoProcessor] LOCAL_SNAPSHOT_PATH:D:\Projects\english-nova\.local\runtime-home\nacos\config
2026-04-14 14:01:24.364 INFO [com.alibaba.nacos.client.remote.worker.1:c.a.n.c.c.i.ClientWorker] [6e807d71-910e-41b0-b20f-22cedf49235d_config-0] Connected,notify listen context...
2026-04-14 14:01:24.364 INFO [com.alibaba.nacos.client.remote.worker.1:c.a.n.c.c.i.ClientWorker] [6e807d71-910e-41b0-b20f-22cedf49235d_config-0] Connected,notify fuzzy listen context...
2026-04-14 14:01:25.217 INFO [main :c.a.n.c.u.ClientBasicParamUtil] [settings] [req-serv] nacos-server port:8848
2026-04-14 14:01:25.221 INFO [main :c.a.n.c.c.NacosConfigService] Nacos client key init properties: 
	serverAddr=192.168.80.128:8848
	username=nacos
	password=n***s

2026-04-14 14:01:25.239 INFO [main :c.a.n.c.a.AbstractServerListManager] Load and match ServerListProvider com.alibaba.nacos.client.address.EndpointServerListProvider, match result: false
2026-04-14 14:01:25.239 INFO [main :c.a.n.c.a.AbstractServerListManager] Load and match ServerListProvider com.alibaba.nacos.client.address.PropertiesListProvider, match result: true
2026-04-14 14:01:25.239 INFO [main :c.a.n.c.a.AbstractServerListManager] Will use com.alibaba.nacos.client.address.PropertiesListProvider as ServerListProvider
2026-04-14 14:01:25.252 INFO [main :c.a.n.c.u.ParamUtil] [settings] [http-client] connect timeout:1000
2026-04-14 14:01:25.252 INFO [main :c.a.n.c.u.ParamUtil] [settings] [http-client] read timeout:3000
2026-04-14 14:01:25.253 INFO [main :c.a.n.c.u.ParamUtil] PER_TASK_CONFIG_SIZE: 3000.0
2026-04-14 14:01:25.484 INFO [main :c.a.n.c.a.r.i.CredentialWatcher] null No credential found
2026-04-14 14:01:25.609 INFO [main :c.a.n.c.c.i.Limiter] limitTime:5.0
2026-04-14 14:01:25.871 INFO [main :c.a.n.c.c.i.LocalConfigInfoProcessor] LOCAL_SNAPSHOT_PATH:D:\Projects\english-nova\.local\runtime-home\nacos\config
2026-04-14 14:01:26.453 INFO [com.alibaba.nacos.client.remote.worker.0:c.a.n.c.c.i.ClientWorker] [e74e5635-453e-4015-97fa-43e5efaae11e_config-0] Connected,notify listen context...
2026-04-14 14:01:26.453 INFO [com.alibaba.nacos.client.remote.worker.0:c.a.n.c.c.i.ClientWorker] [e74e5635-453e-4015-97fa-43e5efaae11e_config-0] Connected,notify fuzzy listen context...
2026-04-14 14:01:28.117 INFO [com.alibaba.nacos.client.remote.worker.0:c.a.n.c.c.i.ClientWorker] [1cf4e3da-0d9e-483d-afce-2c68212303cd_config-0] Connected,notify listen context...
2026-04-14 14:01:28.117 INFO [com.alibaba.nacos.client.remote.worker.0:c.a.n.c.c.i.ClientWorker] [1cf4e3da-0d9e-483d-afce-2c68212303cd_config-0] Connected,notify fuzzy listen context...
2026-04-14 14:41:37.378 INFO [main :c.a.n.c.u.ClientBasicParamUtil] [settings] [req-serv] nacos-server port:8848
2026-04-14 14:41:37.382 INFO [main :c.a.n.c.c.NacosConfigService] Nacos client key init properties: 
	serverAddr=192.168.80.128:8848
	username=nacos
	password=n***s

2026-04-14 14:41:37.399 INFO [main :c.a.n.c.a.AbstractServerListManager] Load and match ServerListProvider com.alibaba.nacos.client.address.EndpointServerListProvider, match result: false
2026-04-14 14:41:37.399 INFO [main :c.a.n.c.a.AbstractServerListManager] Load and match ServerListProvider com.alibaba.nacos.client.address.PropertiesListProvider, match result: true
2026-04-14 14:41:37.399 INFO [main :c.a.n.c.a.AbstractServerListManager] Will use com.alibaba.nacos.client.address.PropertiesListProvider as ServerListProvider
2026-04-14 14:41:37.409 INFO [main :c.a.n.c.u.ParamUtil] [settings] [http-client] connect timeout:1000
2026-04-14 14:41:37.409 INFO [main :c.a.n.c.u.ParamUtil] [settings] [http-client] read timeout:3000
2026-04-14 14:41:37.410 INFO [main :c.a.n.c.u.ParamUtil] PER_TASK_CONFIG_SIZE: 3000.0
2026-04-14 14:41:37.797 INFO [Thread-6:c.a.n.c.a.r.i.CredentialWatcher] null No credential found
2026-04-14 14:41:37.843 INFO [main :c.a.n.c.c.i.Limiter] limitTime:5.0
2026-04-14 14:41:38.699 INFO [main :c.a.n.c.c.i.LocalConfigInfoProcessor] LOCAL_SNAPSHOT_PATH:D:\Projects\english-nova\.local\runtime-home\nacos\config
2026-04-14 14:41:40.123 INFO [com.alibaba.nacos.client.remote.worker.0:c.a.n.c.c.i.ClientWorker] [573ff8bd-83d8-4e9a-a323-107fe8c634bb_config-0] Connected,notify listen context...
2026-04-14 14:41:40.123 INFO [com.alibaba.nacos.client.remote.worker.0:c.a.n.c.c.i.ClientWorker] [573ff8bd-83d8-4e9a-a323-107fe8c634bb_config-0] Connected,notify fuzzy listen context...
2026-04-14 16:46:36.445 INFO [main :c.a.n.c.u.ClientBasicParamUtil] [settings] [req-serv] nacos-server port:8848
2026-04-14 16:46:36.449 INFO [main :c.a.n.c.c.NacosConfigService] Nacos client key init properties: 
	serverAddr=192.168.80.128:8848
	username=nacos
	password=n***s

2026-04-14 16:46:36.457 INFO [main :c.a.n.c.a.AbstractServerListManager] Load and match ServerListProvider com.alibaba.nacos.client.address.EndpointServerListProvider, match result: false
2026-04-14 16:46:36.458 INFO [main :c.a.n.c.a.AbstractServerListManager] Load and match ServerListProvider com.alibaba.nacos.client.address.PropertiesListProvider, match result: true
2026-04-14 16:46:36.458 INFO [main :c.a.n.c.a.AbstractServerListManager] Will use com.alibaba.nacos.client.address.PropertiesListProvider as ServerListProvider
2026-04-14 16:46:36.464 INFO [main :c.a.n.c.u.ParamUtil] [settings] [http-client] connect timeout:1000
2026-04-14 16:46:36.464 INFO [main :c.a.n.c.u.ParamUtil] [settings] [http-client] read timeout:3000
2026-04-14 16:46:36.464 INFO [main :c.a.n.c.u.ParamUtil] PER_TASK_CONFIG_SIZE: 3000.0
2026-04-14 16:46:36.614 INFO [Thread-6:c.a.n.c.a.r.i.CredentialWatcher] null No credential found
2026-04-14 16:58:48.243 INFO [main :c.a.n.c.u.ClientBasicParamUtil] [settings] [req-serv] nacos-server port:8848
2026-04-14 16:58:48.246 INFO [main :c.a.n.c.c.NacosConfigService] Nacos client key init properties: 
	serverAddr=192.168.80.128:8848
	username=nacos
	password=n***s

2026-04-14 16:58:48.255 INFO [main :c.a.n.c.a.AbstractServerListManager] Load and match ServerListProvider com.alibaba.nacos.client.address.EndpointServerListProvider, match result: false
2026-04-14 16:58:48.255 INFO [main :c.a.n.c.a.AbstractServerListManager] Load and match ServerListProvider com.alibaba.nacos.client.address.PropertiesListProvider, match result: true
2026-04-14 16:58:48.255 INFO [main :c.a.n.c.a.AbstractServerListManager] Will use com.alibaba.nacos.client.address.PropertiesListProvider as ServerListProvider
2026-04-14 16:58:48.262 INFO [main :c.a.n.c.u.ParamUtil] [settings] [http-client] connect timeout:1000
2026-04-14 16:58:48.262 INFO [main :c.a.n.c.u.ParamUtil] [settings] [http-client] read timeout:3000
2026-04-14 16:58:48.262 INFO [main :c.a.n.c.u.ParamUtil] PER_TASK_CONFIG_SIZE: 3000.0
2026-04-14 16:58:48.415 INFO [Thread-6:c.a.n.c.a.r.i.CredentialWatcher] null No credential found
2026-04-14 16:58:48.452 INFO [main :c.a.n.c.c.i.Limiter] limitTime:5.0
2026-04-14 16:58:49.184 INFO [main :c.a.n.c.c.i.LocalConfigInfoProcessor] LOCAL_SNAPSHOT_PATH:D:\Projects\english-nova\.local\runtime-home\nacos\config
2026-04-14 16:58:50.294 INFO [com.alibaba.nacos.client.remote.worker.0:c.a.n.c.c.i.ClientWorker] [ed8ba610-1f69-49a0-a343-dcb992e1f73a_config-0] Connected,notify listen context...
2026-04-14 16:58:50.294 INFO [com.alibaba.nacos.client.remote.worker.0:c.a.n.c.c.i.ClientWorker] [ed8ba610-1f69-49a0-a343-dcb992e1f73a_config-0] Connected,notify fuzzy listen context...
2026-04-14 20:55:51.776 INFO [main :c.a.n.c.u.ClientBasicParamUtil] [settings] [req-serv] nacos-server port:8848
2026-04-14 20:55:51.780 INFO [main :c.a.n.c.c.NacosConfigService] Nacos client key init properties: 
	serverAddr=192.168.80.128:8848
	username=nacos
	password=n***s

2026-04-14 20:55:51.800 INFO [main :c.a.n.c.a.AbstractServerListManager] Load and match ServerListProvider com.alibaba.nacos.client.address.EndpointServerListProvider, match result: false
2026-04-14 20:55:51.800 INFO [main :c.a.n.c.a.AbstractServerListManager] Load and match ServerListProvider com.alibaba.nacos.client.address.PropertiesListProvider, match result: true
2026-04-14 20:55:51.800 INFO [main :c.a.n.c.a.AbstractServerListManager] Will use com.alibaba.nacos.client.address.PropertiesListProvider as ServerListProvider
2026-04-14 20:55:51.811 INFO [main :c.a.n.c.u.ParamUtil] [settings] [http-client] connect timeout:1000
2026-04-14 20:55:51.811 INFO [main :c.a.n.c.u.ParamUtil] [settings] [http-client] read timeout:3000
2026-04-14 20:55:51.812 INFO [main :c.a.n.c.u.ParamUtil] PER_TASK_CONFIG_SIZE: 3000.0
2026-04-14 20:55:52.003 INFO [Thread-6:c.a.n.c.a.r.i.CredentialWatcher] null No credential found
2026-04-14 20:55:53.807 INFO [main :c.a.n.c.u.ClientBasicParamUtil] [settings] [req-serv] nacos-server port:8848
2026-04-14 20:55:53.812 INFO [main :c.a.n.c.c.NacosConfigService] Nacos client key init properties: 
	serverAddr=192.168.80.128:8848
	username=nacos
	password=n***s

2026-04-14 20:55:53.822 INFO [main :c.a.n.c.a.AbstractServerListManager] Load and match ServerListProvider com.alibaba.nacos.client.address.EndpointServerListProvider, match result: false
2026-04-14 20:55:53.822 INFO [main :c.a.n.c.a.AbstractServerListManager] Load and match ServerListProvider com.alibaba.nacos.client.address.PropertiesListProvider, match result: true
2026-04-14 20:55:53.822 INFO [main :c.a.n.c.a.AbstractServerListManager] Will use com.alibaba.nacos.client.address.PropertiesListProvider as ServerListProvider
2026-04-14 20:55:53.831 INFO [main :c.a.n.c.u.ParamUtil] [settings] [http-client] connect timeout:1000
2026-04-14 20:55:53.831 INFO [main :c.a.n.c.u.ParamUtil] [settings] [http-client] read timeout:3000
2026-04-14 20:55:53.832 INFO [main :c.a.n.c.u.ParamUtil] PER_TASK_CONFIG_SIZE: 3000.0
2026-04-14 20:55:54.030 INFO [Thread-6:c.a.n.c.a.r.i.CredentialWatcher] null No credential found
2026-04-14 20:55:55.860 INFO [main :c.a.n.c.u.ClientBasicParamUtil] [settings] [req-serv] nacos-server port:8848
2026-04-14 20:55:55.864 INFO [main :c.a.n.c.c.NacosConfigService] Nacos client key init properties: 
	serverAddr=192.168.80.128:8848
	username=nacos
	password=n***s

2026-04-14 20:55:55.880 INFO [main :c.a.n.c.a.AbstractServerListManager] Load and match ServerListProvider com.alibaba.nacos.client.address.EndpointServerListProvider, match result: false
2026-04-14 20:55:55.880 INFO [main :c.a.n.c.a.AbstractServerListManager] Load and match ServerListProvider com.alibaba.nacos.client.address.PropertiesListProvider, match result: true
2026-04-14 20:55:55.880 INFO [main :c.a.n.c.a.AbstractServerListManager] Will use com.alibaba.nacos.client.address.PropertiesListProvider as ServerListProvider
2026-04-14 20:55:55.893 INFO [main :c.a.n.c.u.ParamUtil] [settings] [http-client] connect timeout:1000
2026-04-14 20:55:55.893 INFO [main :c.a.n.c.u.ParamUtil] [settings] [http-client] read timeout:3000
2026-04-14 20:55:55.893 INFO [main :c.a.n.c.u.ParamUtil] PER_TASK_CONFIG_SIZE: 3000.0
2026-04-14 20:55:56.080 INFO [Thread-6:c.a.n.c.a.r.i.CredentialWatcher] null No credential found
2026-04-14 20:55:58.029 INFO [main :c.a.n.c.u.ClientBasicParamUtil] [settings] [req-serv] nacos-server port:8848
2026-04-14 20:55:58.034 INFO [main :c.a.n.c.c.NacosConfigService] Nacos client key init properties: 
	serverAddr=192.168.80.128:8848
	username=nacos
	password=n***s

2026-04-14 20:55:58.049 INFO [main :c.a.n.c.a.AbstractServerListManager] Load and match ServerListProvider com.alibaba.nacos.client.address.EndpointServerListProvider, match result: false
2026-04-14 20:55:58.049 INFO [main :c.a.n.c.a.AbstractServerListManager] Load and match ServerListProvider com.alibaba.nacos.client.address.PropertiesListProvider, match result: true
2026-04-14 20:55:58.049 INFO [main :c.a.n.c.a.AbstractServerListManager] Will use com.alibaba.nacos.client.address.PropertiesListProvider as ServerListProvider
2026-04-14 20:55:58.056 INFO [main :c.a.n.c.u.ParamUtil] [settings] [http-client] connect timeout:1000
2026-04-14 20:55:58.056 INFO [main :c.a.n.c.u.ParamUtil] [settings] [http-client] read timeout:3000
2026-04-14 20:55:58.057 INFO [main :c.a.n.c.u.ParamUtil] PER_TASK_CONFIG_SIZE: 3000.0
2026-04-14 20:55:58.268 INFO [Thread-6:c.a.n.c.a.r.i.CredentialWatcher] null No credential found
2026-04-14 20:55:59.933 INFO [main :c.a.n.c.c.i.Limiter] limitTime:5.0
2026-04-14 20:55:59.973 INFO [main :c.a.n.c.u.ClientBasicParamUtil] [settings] [req-serv] nacos-server port:8848
2026-04-14 20:55:59.977 INFO [main :c.a.n.c.c.NacosConfigService] Nacos client key init properties: 
	serverAddr=192.168.80.128:8848
	username=nacos
	password=n***s

2026-04-14 20:55:59.992 INFO [main :c.a.n.c.a.AbstractServerListManager] Load and match ServerListProvider com.alibaba.nacos.client.address.EndpointServerListProvider, match result: false
2026-04-14 20:55:59.992 INFO [main :c.a.n.c.a.AbstractServerListManager] Load and match ServerListProvider com.alibaba.nacos.client.address.PropertiesListProvider, match result: true
2026-04-14 20:55:59.992 INFO [main :c.a.n.c.a.AbstractServerListManager] Will use com.alibaba.nacos.client.address.PropertiesListProvider as ServerListProvider
2026-04-14 20:56:00.002 INFO [main :c.a.n.c.u.ParamUtil] [settings] [http-client] connect timeout:1000
2026-04-14 20:56:00.002 INFO [main :c.a.n.c.u.ParamUtil] [settings] [http-client] read timeout:3000
2026-04-14 20:56:00.002 INFO [main :c.a.n.c.u.ParamUtil] PER_TASK_CONFIG_SIZE: 3000.0
2026-04-14 20:56:00.237 INFO [Thread-6:c.a.n.c.a.r.i.CredentialWatcher] null No credential found
2026-04-14 20:56:00.337 INFO [main :c.a.n.c.c.i.LocalConfigInfoProcessor] LOCAL_SNAPSHOT_PATH:D:\Projects\english-nova\.local\runtime-home\nacos\config
2026-04-14 20:56:01.748 INFO [com.alibaba.nacos.client.remote.worker.0:c.a.n.c.c.i.ClientWorker] [63706106-e04c-4e83-843d-c5f18c948d97_config-0] Connected,notify listen context...
2026-04-14 20:56:01.748 INFO [com.alibaba.nacos.client.remote.worker.0:c.a.n.c.c.i.ClientWorker] [63706106-e04c-4e83-843d-c5f18c948d97_config-0] Connected,notify fuzzy listen context...
2026-04-14 20:56:01.956 INFO [main :c.a.n.c.c.i.Limiter] limitTime:5.0
2026-04-14 20:56:02.055 INFO [main :c.a.n.c.u.ClientBasicParamUtil] [settings] [req-serv] nacos-server port:8848
2026-04-14 20:56:02.059 INFO [main :c.a.n.c.c.NacosConfigService] Nacos client key init properties: 
	serverAddr=192.168.80.128:8848
	username=nacos
	password=n***s

2026-04-14 20:56:02.075 INFO [main :c.a.n.c.a.AbstractServerListManager] Load and match ServerListProvider com.alibaba.nacos.client.address.EndpointServerListProvider, match result: false
2026-04-14 20:56:02.075 INFO [main :c.a.n.c.a.AbstractServerListManager] Load and match ServerListProvider com.alibaba.nacos.client.address.PropertiesListProvider, match result: true
2026-04-14 20:56:02.075 INFO [main :c.a.n.c.a.AbstractServerListManager] Will use com.alibaba.nacos.client.address.PropertiesListProvider as ServerListProvider
2026-04-14 20:56:02.084 INFO [main :c.a.n.c.u.ParamUtil] [settings] [http-client] connect timeout:1000
2026-04-14 20:56:02.084 INFO [main :c.a.n.c.u.ParamUtil] [settings] [http-client] read timeout:3000
2026-04-14 20:56:02.084 INFO [main :c.a.n.c.u.ParamUtil] PER_TASK_CONFIG_SIZE: 3000.0
2026-04-14 20:56:02.151 INFO [main :c.a.n.c.c.i.LocalConfigInfoProcessor] LOCAL_SNAPSHOT_PATH:D:\Projects\english-nova\.local\runtime-home\nacos\config
2026-04-14 20:56:02.313 INFO [Thread-6:c.a.n.c.a.r.i.CredentialWatcher] null No credential found
2026-04-14 20:56:03.479 INFO [com.alibaba.nacos.client.remote.worker.0:c.a.n.c.c.i.ClientWorker] [b9ede20a-adb0-4bd3-a242-e2e13a0168e5_config-0] Connected,notify listen context...
2026-04-14 20:56:03.479 INFO [com.alibaba.nacos.client.remote.worker.0:c.a.n.c.c.i.ClientWorker] [b9ede20a-adb0-4bd3-a242-e2e13a0168e5_config-0] Connected,notify fuzzy listen context...
2026-04-14 20:56:04.028 INFO [main :c.a.n.c.c.i.Limiter] limitTime:5.0
2026-04-14 20:56:04.265 INFO [main :c.a.n.c.u.ClientBasicParamUtil] [settings] [req-serv] nacos-server port:8848
2026-04-14 20:56:04.271 INFO [main :c.a.n.c.c.NacosConfigService] Nacos client key init properties: 
	serverAddr=192.168.80.128:8848
	username=nacos
	password=n***s

2026-04-14 20:56:04.275 INFO [main :c.a.n.c.c.i.LocalConfigInfoProcessor] LOCAL_SNAPSHOT_PATH:D:\Projects\english-nova\.local\runtime-home\nacos\config
2026-04-14 20:56:04.291 INFO [main :c.a.n.c.a.AbstractServerListManager] Load and match ServerListProvider com.alibaba.nacos.client.address.EndpointServerListProvider, match result: false
2026-04-14 20:56:04.292 INFO [main :c.a.n.c.a.AbstractServerListManager] Load and match ServerListProvider com.alibaba.nacos.client.address.PropertiesListProvider, match result: true
2026-04-14 20:56:04.292 INFO [main :c.a.n.c.a.AbstractServerListManager] Will use com.alibaba.nacos.client.address.PropertiesListProvider as ServerListProvider
2026-04-14 20:56:04.304 INFO [main :c.a.n.c.u.ParamUtil] [settings] [http-client] connect timeout:1000
2026-04-14 20:56:04.304 INFO [main :c.a.n.c.u.ParamUtil] [settings] [http-client] read timeout:3000
2026-04-14 20:56:04.305 INFO [main :c.a.n.c.u.ParamUtil] PER_TASK_CONFIG_SIZE: 3000.0
2026-04-14 20:57:42.703 INFO [main :c.a.n.c.u.ClientBasicParamUtil] [settings] [req-serv] nacos-server port:8848
2026-04-14 20:57:42.706 INFO [main :c.a.n.c.c.NacosConfigService] Nacos client key init properties: 
	serverAddr=192.168.80.128:8848
	username=nacos
	password=n***s

2026-04-14 20:57:42.716 INFO [main :c.a.n.c.a.AbstractServerListManager] Load and match ServerListProvider com.alibaba.nacos.client.address.EndpointServerListProvider, match result: false
2026-04-14 20:57:42.716 INFO [main :c.a.n.c.a.AbstractServerListManager] Load and match ServerListProvider com.alibaba.nacos.client.address.PropertiesListProvider, match result: true
2026-04-14 20:57:42.716 INFO [main :c.a.n.c.a.AbstractServerListManager] Will use com.alibaba.nacos.client.address.PropertiesListProvider as ServerListProvider
2026-04-14 20:57:42.724 INFO [main :c.a.n.c.u.ParamUtil] [settings] [http-client] connect timeout:1000
2026-04-14 20:57:42.724 INFO [main :c.a.n.c.u.ParamUtil] [settings] [http-client] read timeout:3000
2026-04-14 20:57:42.724 INFO [main :c.a.n.c.u.ParamUtil] PER_TASK_CONFIG_SIZE: 3000.0
2026-04-14 20:57:42.876 INFO [main :c.a.n.c.a.r.i.CredentialWatcher] null No credential found
2026-04-14 20:57:42.974 INFO [main :c.a.n.c.c.i.Limiter] limitTime:5.0
2026-04-14 20:57:43.226 INFO [main :c.a.n.c.c.i.LocalConfigInfoProcessor] LOCAL_SNAPSHOT_PATH:D:\Projects\english-nova\.local\runtime-home\nacos\config
2026-04-14 20:57:44.528 INFO [com.alibaba.nacos.client.remote.worker.0:c.a.n.c.c.i.ClientWorker] [26dacbae-89b7-4feb-b20a-bedcd4f8cb52_config-0] Connected,notify listen context...
2026-04-14 20:57:44.528 INFO [com.alibaba.nacos.client.remote.worker.0:c.a.n.c.c.i.ClientWorker] [26dacbae-89b7-4feb-b20a-bedcd4f8cb52_config-0] Connected,notify fuzzy listen context...
2026-04-14 20:57:44.982 INFO [main :c.a.n.c.u.ClientBasicParamUtil] [settings] [req-serv] nacos-server port:8848
2026-04-14 20:57:44.986 INFO [main :c.a.n.c.c.NacosConfigService] Nacos client key init properties: 
	serverAddr=192.168.80.128:8848
	username=nacos
	password=n***s

2026-04-14 20:57:45.001 INFO [main :c.a.n.c.a.AbstractServerListManager] Load and match ServerListProvider com.alibaba.nacos.client.address.EndpointServerListProvider, match result: false
2026-04-14 20:57:45.001 INFO [main :c.a.n.c.a.AbstractServerListManager] Load and match ServerListProvider com.alibaba.nacos.client.address.PropertiesListProvider, match result: true
2026-04-14 20:57:45.001 INFO [main :c.a.n.c.a.AbstractServerListManager] Will use com.alibaba.nacos.client.address.PropertiesListProvider as ServerListProvider
2026-04-14 20:57:45.010 INFO [main :c.a.n.c.u.ParamUtil] [settings] [http-client] connect timeout:1000
2026-04-14 20:57:45.010 INFO [main :c.a.n.c.u.ParamUtil] [settings] [http-client] read timeout:3000
2026-04-14 20:57:45.010 INFO [main :c.a.n.c.u.ParamUtil] PER_TASK_CONFIG_SIZE: 3000.0
2026-04-14 20:57:45.194 INFO [Thread-6:c.a.n.c.a.r.i.CredentialWatcher] null No credential found
2026-04-14 20:57:45.230 INFO [main :c.a.n.c.c.i.Limiter] limitTime:5.0
2026-04-14 20:57:45.478 INFO [main :c.a.n.c.c.i.LocalConfigInfoProcessor] LOCAL_SNAPSHOT_PATH:D:\Projects\english-nova\.local\runtime-home\nacos\config
2026-04-14 20:57:47.309 INFO [com.alibaba.nacos.client.remote.worker.0:c.a.n.c.c.i.ClientWorker] [c6acb20e-c599-4965-b873-f5793f212f5d_config-0] Connected,notify listen context...
2026-04-14 20:57:47.309 INFO [com.alibaba.nacos.client.remote.worker.0:c.a.n.c.c.i.ClientWorker] [c6acb20e-c599-4965-b873-f5793f212f5d_config-0] Connected,notify fuzzy listen context...
2026-04-14 20:57:47.637 INFO [main :c.a.n.c.u.ClientBasicParamUtil] [settings] [req-serv] nacos-server port:8848
2026-04-14 20:57:47.648 INFO [main :c.a.n.c.c.NacosConfigService] Nacos client key init properties: 
	serverAddr=192.168.80.128:8848
	username=nacos
	password=n***s

2026-04-14 20:57:47.671 INFO [main :c.a.n.c.a.AbstractServerListManager] Load and match ServerListProvider com.alibaba.nacos.client.address.EndpointServerListProvider, match result: false
2026-04-14 20:57:47.671 INFO [main :c.a.n.c.a.AbstractServerListManager] Load and match ServerListProvider com.alibaba.nacos.client.address.PropertiesListProvider, match result: true
2026-04-14 20:57:47.671 INFO [main :c.a.n.c.a.AbstractServerListManager] Will use com.alibaba.nacos.client.address.PropertiesListProvider as ServerListProvider
2026-04-14 20:57:47.690 INFO [main :c.a.n.c.u.ParamUtil] [settings] [http-client] connect timeout:1000
2026-04-14 20:57:47.690 INFO [main :c.a.n.c.u.ParamUtil] [settings] [http-client] read timeout:3000
2026-04-14 20:57:47.691 INFO [main :c.a.n.c.u.ParamUtil] PER_TASK_CONFIG_SIZE: 3000.0
2026-04-14 20:57:47.968 INFO [Thread-6:c.a.n.c.a.r.i.CredentialWatcher] null No credential found
2026-04-14 20:57:48.012 INFO [main :c.a.n.c.c.i.Limiter] limitTime:5.0
2026-04-14 20:57:48.303 INFO [main :c.a.n.c.c.i.LocalConfigInfoProcessor] LOCAL_SNAPSHOT_PATH:D:\Projects\english-nova\.local\runtime-home\nacos\config
2026-04-14 20:57:50.370 INFO [main :c.a.n.c.u.ClientBasicParamUtil] [settings] [req-serv] nacos-server port:8848
2026-04-14 20:57:50.380 INFO [main :c.a.n.c.c.NacosConfigService] Nacos client key init properties: 
	serverAddr=192.168.80.128:8848
	username=nacos
	password=n***s

2026-04-14 20:57:50.413 INFO [main :c.a.n.c.a.AbstractServerListManager] Load and match ServerListProvider com.alibaba.nacos.client.address.EndpointServerListProvider, match result: false
2026-04-14 20:57:50.413 INFO [main :c.a.n.c.a.AbstractServerListManager] Load and match ServerListProvider com.alibaba.nacos.client.address.PropertiesListProvider, match result: true
2026-04-14 20:57:50.413 INFO [main :c.a.n.c.a.AbstractServerListManager] Will use com.alibaba.nacos.client.address.PropertiesListProvider as ServerListProvider
2026-04-14 20:57:50.433 INFO [main :c.a.n.c.u.ParamUtil] [settings] [http-client] connect timeout:1000
2026-04-14 20:57:50.433 INFO [main :c.a.n.c.u.ParamUtil] [settings] [http-client] read timeout:3000
2026-04-14 20:57:50.434 INFO [main :c.a.n.c.u.ParamUtil] PER_TASK_CONFIG_SIZE: 3000.0
2026-04-14 20:57:50.936 INFO [com.alibaba.nacos.client.remote.worker.0:c.a.n.c.c.i.ClientWorker] [ddb7fceb-c6fa-48a1-8084-efa13ae0c4cb_config-0] Connected,notify listen context...
2026-04-14 20:57:50.936 INFO [com.alibaba.nacos.client.remote.worker.0:c.a.n.c.c.i.ClientWorker] [ddb7fceb-c6fa-48a1-8084-efa13ae0c4cb_config-0] Connected,notify fuzzy listen context...
2026-04-14 20:57:50.999 INFO [Thread-6:c.a.n.c.a.r.i.CredentialWatcher] null No credential found
2026-04-14 20:57:51.116 INFO [main :c.a.n.c.c.i.Limiter] limitTime:5.0
2026-04-14 20:57:51.443 INFO [main :c.a.n.c.c.i.LocalConfigInfoProcessor] LOCAL_SNAPSHOT_PATH:D:\Projects\english-nova\.local\runtime-home\nacos\config
2026-04-14 20:57:52.718 INFO [main :c.a.n.c.u.ClientBasicParamUtil] [settings] [req-serv] nacos-server port:8848
2026-04-14 20:57:52.724 INFO [main :c.a.n.c.c.NacosConfigService] Nacos client key init properties: 
	serverAddr=192.168.80.128:8848
	username=nacos
	password=n***s

2026-04-14 20:57:52.747 INFO [main :c.a.n.c.a.AbstractServerListManager] Load and match ServerListProvider com.alibaba.nacos.client.address.EndpointServerListProvider, match result: false
2026-04-14 20:57:52.748 INFO [main :c.a.n.c.a.AbstractServerListManager] Load and match ServerListProvider com.alibaba.nacos.client.address.PropertiesListProvider, match result: true
2026-04-14 20:57:52.748 INFO [main :c.a.n.c.a.AbstractServerListManager] Will use com.alibaba.nacos.client.address.PropertiesListProvider as ServerListProvider
2026-04-14 20:57:52.760 INFO [main :c.a.n.c.u.ParamUtil] [settings] [http-client] connect timeout:1000
2026-04-14 20:57:52.760 INFO [main :c.a.n.c.u.ParamUtil] [settings] [http-client] read timeout:3000
2026-04-14 20:57:52.760 INFO [main :c.a.n.c.u.ParamUtil] PER_TASK_CONFIG_SIZE: 3000.0
2026-04-14 20:57:53.122 INFO [Thread-6:c.a.n.c.a.r.i.CredentialWatcher] null No credential found
2026-04-14 20:57:53.195 INFO [main :c.a.n.c.c.i.Limiter] limitTime:5.0
2026-04-14 20:57:53.546 INFO [main :c.a.n.c.c.i.LocalConfigInfoProcessor] LOCAL_SNAPSHOT_PATH:D:\Projects\english-nova\.local\runtime-home\nacos\config
2026-04-14 20:57:54.538 INFO [com.alibaba.nacos.client.remote.worker.0:c.a.n.c.c.i.ClientWorker] [b70d1d5a-1695-4312-9bd2-7ad9fa496097_config-0] Connected,notify listen context...
2026-04-14 20:57:54.538 INFO [com.alibaba.nacos.client.remote.worker.0:c.a.n.c.c.i.ClientWorker] [b70d1d5a-1695-4312-9bd2-7ad9fa496097_config-0] Connected,notify fuzzy listen context...
2026-04-14 20:57:54.650 INFO [main :c.a.n.c.u.ClientBasicParamUtil] [settings] [req-serv] nacos-server port:8848
2026-04-14 20:57:54.657 INFO [main :c.a.n.c.c.NacosConfigService] Nacos client key init properties: 
	serverAddr=192.168.80.128:8848
	username=nacos
	password=n***s

2026-04-14 20:57:54.686 INFO [main :c.a.n.c.a.AbstractServerListManager] Load and match ServerListProvider com.alibaba.nacos.client.address.EndpointServerListProvider, match result: false
2026-04-14 20:57:54.686 INFO [main :c.a.n.c.a.AbstractServerListManager] Load and match ServerListProvider com.alibaba.nacos.client.address.PropertiesListProvider, match result: true
2026-04-14 20:57:54.686 INFO [main :c.a.n.c.a.AbstractServerListManager] Will use com.alibaba.nacos.client.address.PropertiesListProvider as ServerListProvider
2026-04-14 20:57:54.705 INFO [main :c.a.n.c.u.ParamUtil] [settings] [http-client] connect timeout:1000
2026-04-14 20:57:54.706 INFO [main :c.a.n.c.u.ParamUtil] [settings] [http-client] read timeout:3000
2026-04-14 20:57:54.707 INFO [main :c.a.n.c.u.ParamUtil] PER_TASK_CONFIG_SIZE: 3000.0
2026-04-14 20:57:55.115 INFO [Thread-6:c.a.n.c.a.r.i.CredentialWatcher] null No credential found
2026-04-14 20:57:55.353 INFO [main :c.a.n.c.c.i.Limiter] limitTime:5.0
2026-04-14 20:57:55.707 INFO [main :c.a.n.c.c.i.LocalConfigInfoProcessor] LOCAL_SNAPSHOT_PATH:D:\Projects\english-nova\.local\runtime-home\nacos\config
2026-04-14 20:57:57.058 INFO [com.alibaba.nacos.client.remote.worker.0:c.a.n.c.c.i.ClientWorker] [4c27759d-9995-4709-bb2a-ca7ef2336b16_config-0] Connected,notify listen context...
2026-04-14 20:57:57.058 INFO [com.alibaba.nacos.client.remote.worker.0:c.a.n.c.c.i.ClientWorker] [4c27759d-9995-4709-bb2a-ca7ef2336b16_config-0] Connected,notify fuzzy listen context...
2026-04-14 20:57:57.437 INFO [main :c.a.n.c.u.ClientBasicParamUtil] [settings] [req-serv] nacos-server port:8848
2026-04-14 20:57:57.443 INFO [main :c.a.n.c.c.NacosConfigService] Nacos client key init properties: 
	serverAddr=192.168.80.128:8848
	username=nacos
	password=n***s

2026-04-14 20:57:57.473 INFO [main :c.a.n.c.a.AbstractServerListManager] Load and match ServerListProvider com.alibaba.nacos.client.address.EndpointServerListProvider, match result: false
2026-04-14 20:57:57.473 INFO [main :c.a.n.c.a.AbstractServerListManager] Load and match ServerListProvider com.alibaba.nacos.client.address.PropertiesListProvider, match result: true
2026-04-14 20:57:57.473 INFO [main :c.a.n.c.a.AbstractServerListManager] Will use com.alibaba.nacos.client.address.PropertiesListProvider as ServerListProvider
2026-04-14 20:57:57.491 INFO [main :c.a.n.c.u.ParamUtil] [settings] [http-client] connect timeout:1000
2026-04-14 20:57:57.491 INFO [main :c.a.n.c.u.ParamUtil] [settings] [http-client] read timeout:3000
2026-04-14 20:57:57.491 INFO [main :c.a.n.c.u.ParamUtil] PER_TASK_CONFIG_SIZE: 3000.0
2026-04-14 20:57:57.861 INFO [main :c.a.n.c.a.r.i.CredentialWatcher] null No credential found
2026-04-14 20:57:57.999 INFO [main :c.a.n.c.c.i.Limiter] limitTime:5.0
2026-04-14 20:57:58.317 INFO [main :c.a.n.c.c.i.LocalConfigInfoProcessor] LOCAL_SNAPSHOT_PATH:D:\Projects\english-nova\.local\runtime-home\nacos\config
2026-04-14 20:57:58.795 INFO [com.alibaba.nacos.client.remote.worker.0:c.a.n.c.c.i.ClientWorker] [6fa01d04-4fce-476c-9e5e-4d1ef11d7eb1_config-0] Connected,notify listen context...
2026-04-14 20:57:58.795 INFO [com.alibaba.nacos.client.remote.worker.0:c.a.n.c.c.i.ClientWorker] [6fa01d04-4fce-476c-9e5e-4d1ef11d7eb1_config-0] Connected,notify fuzzy listen context...
2026-04-14 20:58:02.488 INFO [com.alibaba.nacos.client.remote.worker.0:c.a.n.c.c.i.ClientWorker] [4c2817f2-99bf-4b01-a9c1-17744e8db0c7_config-0] Connected,notify listen context...
2026-04-14 20:58:02.488 INFO [com.alibaba.nacos.client.remote.worker.0:c.a.n.c.c.i.ClientWorker] [4c2817f2-99bf-4b01-a9c1-17744e8db0c7_config-0] Connected,notify fuzzy listen context...
